{"C:\\work\\htdocs\\ai-dev-project\\ai-todo-list2\\src\\middleware.ts": {"path":"C:\\work\\htdocs\\ai-dev-project\\ai-todo-list2\\src\\middleware.ts","statementMap":{"0":{"start":{"line":15,"column":13},"end":{"line":15,"column":22}},"1":{"start":{"line":9,"column":0},"end":{"line":9,"column":15}},"2":{"start":{"line":1,"column":52},"end":{"line":1,"column":null}},"3":{"start":{"line":3,"column":22},"end":{"line":7,"column":null}},"4":{"start":{"line":9,"column":15},"end":{"line":13,"column":null}},"5":{"start":{"line":10,"column":2},"end":{"line":12,"column":null}},"6":{"start":{"line":11,"column":4},"end":{"line":11,"column":null}},"7":{"start":{"line":15,"column":22},"end":{"line":22,"column":null}}},"fnMap":{"0":{"name":"(anonymous_3)","decl":{"start":{"line":9,"column":31},"end":{"line":9,"column":38}},"loc":{"start":{"line":9,"column":44},"end":{"line":13,"column":null}}}},"branchMap":{"0":{"loc":{"start":{"line":10,"column":2},"end":{"line":12,"column":null}},"type":"if","locations":[{"start":{"line":10,"column":2},"end":{"line":12,"column":null}},{"start":{},"end":{}}]}},"s":{"0":0,"1":0,"2":0,"3":0,"4":0,"5":0,"6":0,"7":0},"f":{"0":0},"b":{"0":[0,0]}}
,"C:\\work\\htdocs\\ai-dev-project\\ai-todo-list2\\src\\app\\layout.tsx": {"path":"C:\\work\\htdocs\\ai-dev-project\\ai-todo-list2\\src\\app\\layout.tsx","statementMap":{"0":{"start":{"line":11,"column":24},"end":{"line":11,"column":35}},"1":{"start":{"line":6,"column":13},"end":{"line":6,"column":34}},"2":{"start":{"line":2,"column":30},"end":{"line":2,"column":null}},"3":{"start":{"line":3,"column":23},"end":{"line":3,"column":null}},"4":{"start":{"line":4,"column":7},"end":{"line":4,"column":null}},"5":{"start":{"line":6,"column":34},"end":{"line":9,"column":null}}},"fnMap":{"0":{"name":"RootLayout","decl":{"start":{"line":11,"column":24},"end":{"line":11,"column":35}},"loc":{"start":{"line":15,"column":2},"end":{"line":26,"column":null}}}},"branchMap":{},"s":{"0":0,"1":0,"2":0,"3":0,"4":0,"5":0},"f":{"0":0},"b":{}}
,"C:\\work\\htdocs\\ai-dev-project\\ai-todo-list2\\src\\app\\page.tsx": {"path":"C:\\work\\htdocs\\ai-dev-project\\ai-todo-list2\\src\\app\\page.tsx","statementMap":{"0":{"start":{"line":5,"column":24},"end":{"line":5,"column":null}},"1":{"start":{"line":1,"column":36},"end":{"line":1,"column":null}},"2":{"start":{"line":2,"column":17},"end":{"line":2,"column":null}},"3":{"start":{"line":3,"column":23},"end":{"line":3,"column":null}}},"fnMap":{"0":{"name":"Home","decl":{"start":{"line":5,"column":24},"end":{"line":5,"column":null}},"loc":{"start":{"line":5,"column":24},"end":{"line":40,"column":null}}}},"branchMap":{},"s":{"0":0,"1":0,"2":0,"3":0},"f":{"0":0},"b":{}}
,"C:\\work\\htdocs\\ai-dev-project\\ai-todo-list2\\src\\app\\(dashboard)\\layout.tsx": {"path":"C:\\work\\htdocs\\ai-dev-project\\ai-todo-list2\\src\\app\\(dashboard)\\layout.tsx","statementMap":{"0":{"start":{"line":5,"column":30},"end":{"line":5,"column":46}},"1":{"start":{"line":1,"column":25},"end":{"line":1,"column":null}},"2":{"start":{"line":2,"column":21},"end":{"line":2,"column":null}},"3":{"start":{"line":3,"column":25},"end":{"line":3,"column":null}},"4":{"start":{"line":10,"column":21},"end":{"line":10,"column":null}},"5":{"start":{"line":12,"column":2},"end":{"line":14,"column":null}},"6":{"start":{"line":13,"column":4},"end":{"line":13,"column":null}},"7":{"start":{"line":17,"column":2},"end":{"line":17,"column":null}}},"fnMap":{"0":{"name":"DashboardLayout","decl":{"start":{"line":5,"column":30},"end":{"line":5,"column":46}},"loc":{"start":{"line":9,"column":1},"end":{"line":20,"column":null}}}},"branchMap":{"0":{"loc":{"start":{"line":12,"column":2},"end":{"line":14,"column":null}},"type":"if","locations":[{"start":{"line":12,"column":2},"end":{"line":14,"column":null}},{"start":{},"end":{}}]}},"s":{"0":2,"1":1,"2":1,"3":1,"4":2,"5":2,"6":1,"7":2},"f":{"0":2},"b":{"0":[1,1]}}
,"C:\\work\\htdocs\\ai-dev-project\\ai-todo-list2\\src\\app\\(dashboard)\\projects\\error.tsx": {"path":"C:\\work\\htdocs\\ai-dev-project\\ai-todo-list2\\src\\app\\(dashboard)\\projects\\error.tsx","statementMap":{"0":{"start":{"line":8,"column":24},"end":{"line":8,"column":38}},"1":{"start":{"line":3,"column":26},"end":{"line":3,"column":null}},"2":{"start":{"line":4,"column":23},"end":{"line":4,"column":null}},"3":{"start":{"line":5,"column":74},"end":{"line":5,"column":null}},"4":{"start":{"line":6,"column":28},"end":{"line":6,"column":null}},"5":{"start":{"line":15,"column":2},"end":{"line":18,"column":null}},"6":{"start":{"line":17,"column":4},"end":{"line":17,"column":null}}},"fnMap":{"0":{"name":"ProjectsError","decl":{"start":{"line":8,"column":24},"end":{"line":8,"column":38}},"loc":{"start":{"line":14,"column":1},"end":{"line":47,"column":null}}},"1":{"name":"(anonymous_2)","decl":{"start":{"line":15,"column":12},"end":{"line":15,"column":null}},"loc":{"start":{"line":15,"column":12},"end":{"line":18,"column":5}}}},"branchMap":{"0":{"loc":{"start":{"line":34,"column":13},"end":{"line":34,"column":26}},"type":"binary-expr","locations":[{"start":{"line":34,"column":13},"end":{"line":34,"column":26}}]}},"s":{"0":0,"1":0,"2":0,"3":0,"4":0,"5":0,"6":0},"f":{"0":0,"1":0},"b":{"0":[0]}}
,"C:\\work\\htdocs\\ai-dev-project\\ai-todo-list2\\src\\app\\(dashboard)\\projects\\loading.tsx": {"path":"C:\\work\\htdocs\\ai-dev-project\\ai-todo-list2\\src\\app\\(dashboard)\\projects\\loading.tsx","statementMap":{"0":{"start":{"line":3,"column":24},"end":{"line":3,"column":null}},"1":{"start":{"line":1,"column":31},"end":{"line":1,"column":null}}},"fnMap":{"0":{"name":"ProjectsLoading","decl":{"start":{"line":3,"column":24},"end":{"line":3,"column":null}},"loc":{"start":{"line":3,"column":24},"end":{"line":14,"column":null}}}},"branchMap":{},"s":{"0":0,"1":0},"f":{"0":0},"b":{}}
,"C:\\work\\htdocs\\ai-dev-project\\ai-todo-list2\\src\\app\\(dashboard)\\projects\\page.tsx": {"path":"C:\\work\\htdocs\\ai-dev-project\\ai-todo-list2\\src\\app\\(dashboard)\\projects\\page.tsx","statementMap":{"0":{"start":{"line":6,"column":30},"end":{"line":6,"column":null}},"1":{"start":{"line":1,"column":33},"end":{"line":1,"column":null}},"2":{"start":{"line":2,"column":36},"end":{"line":2,"column":null}},"3":{"start":{"line":3,"column":25},"end":{"line":3,"column":null}},"4":{"start":{"line":4,"column":38},"end":{"line":4,"column":null}},"5":{"start":{"line":7,"column":17},"end":{"line":7,"column":null}},"6":{"start":{"line":9,"column":2},"end":{"line":11,"column":null}},"7":{"start":{"line":10,"column":4},"end":{"line":10,"column":null}},"8":{"start":{"line":13,"column":19},"end":{"line":13,"column":null}}},"fnMap":{"0":{"name":"ProjectsPage","decl":{"start":{"line":6,"column":30},"end":{"line":6,"column":null}},"loc":{"start":{"line":6,"column":30},"end":{"line":16,"column":null}}}},"branchMap":{"0":{"loc":{"start":{"line":9,"column":2},"end":{"line":11,"column":null}},"type":"if","locations":[{"start":{"line":9,"column":2},"end":{"line":11,"column":null}},{"start":{},"end":{}}]}},"s":{"0":2,"1":1,"2":1,"3":1,"4":1,"5":2,"6":2,"7":1,"8":2},"f":{"0":2},"b":{"0":[1,1]}}
,"C:\\work\\htdocs\\ai-dev-project\\ai-todo-list2\\src\\app\\(dashboard)\\projects\\[id]\\delete\\page.tsx": {"path":"C:\\work\\htdocs\\ai-dev-project\\ai-todo-list2\\src\\app\\(dashboard)\\projects\\[id]\\delete\\page.tsx","statementMap":{"0":{"start":{"line":12,"column":30},"end":{"line":12,"column":48}},"1":{"start":{"line":1,"column":33},"end":{"line":1,"column":null}},"2":{"start":{"line":2,"column":31},"end":{"line":2,"column":null}},"3":{"start":{"line":3,"column":35},"end":{"line":3,"column":null}},"4":{"start":{"line":4,"column":34},"end":{"line":4,"column":null}},"5":{"start":{"line":13,"column":17},"end":{"line":13,"column":null}},"6":{"start":{"line":14,"column":17},"end":{"line":14,"column":null}},"7":{"start":{"line":16,"column":2},"end":{"line":18,"column":null}},"8":{"start":{"line":17,"column":4},"end":{"line":17,"column":null}},"9":{"start":{"line":20,"column":18},"end":{"line":20,"column":null}},"10":{"start":{"line":22,"column":2},"end":{"line":24,"column":null}},"11":{"start":{"line":23,"column":4},"end":{"line":23,"column":null}},"12":{"start":{"line":27,"column":2},"end":{"line":29,"column":null}},"13":{"start":{"line":28,"column":4},"end":{"line":28,"column":null}}},"fnMap":{"0":{"name":"DeleteProjectPage","decl":{"start":{"line":12,"column":30},"end":{"line":12,"column":48}},"loc":{"start":{"line":12,"column":69},"end":{"line":37,"column":null}}}},"branchMap":{"0":{"loc":{"start":{"line":16,"column":2},"end":{"line":18,"column":null}},"type":"if","locations":[{"start":{"line":16,"column":2},"end":{"line":18,"column":null}},{"start":{},"end":{}}]},"1":{"loc":{"start":{"line":22,"column":2},"end":{"line":24,"column":null}},"type":"if","locations":[{"start":{"line":22,"column":2},"end":{"line":24,"column":null}},{"start":{},"end":{}}]},"2":{"loc":{"start":{"line":27,"column":2},"end":{"line":29,"column":null}},"type":"if","locations":[{"start":{"line":27,"column":2},"end":{"line":29,"column":null}},{"start":{},"end":{}}]}},"s":{"0":4,"1":1,"2":1,"3":1,"4":1,"5":4,"6":4,"7":4,"8":1,"9":4,"10":4,"11":1,"12":4,"13":2},"f":{"0":4},"b":{"0":[1,3],"1":[1,3],"2":[2,1]}}
,"C:\\work\\htdocs\\ai-dev-project\\ai-todo-list2\\src\\app\\(dashboard)\\projects\\[id]\\edit\\error.tsx": {"path":"C:\\work\\htdocs\\ai-dev-project\\ai-todo-list2\\src\\app\\(dashboard)\\projects\\[id]\\edit\\error.tsx","statementMap":{"0":{"start":{"line":9,"column":24},"end":{"line":9,"column":41}},"1":{"start":{"line":3,"column":26},"end":{"line":3,"column":null}},"2":{"start":{"line":4,"column":23},"end":{"line":4,"column":null}},"3":{"start":{"line":5,"column":74},"end":{"line":5,"column":null}},"4":{"start":{"line":6,"column":28},"end":{"line":6,"column":null}},"5":{"start":{"line":7,"column":17},"end":{"line":7,"column":null}},"6":{"start":{"line":16,"column":2},"end":{"line":19,"column":null}},"7":{"start":{"line":18,"column":4},"end":{"line":18,"column":null}}},"fnMap":{"0":{"name":"ProjectEditError","decl":{"start":{"line":9,"column":24},"end":{"line":9,"column":41}},"loc":{"start":{"line":15,"column":1},"end":{"line":53,"column":null}}},"1":{"name":"(anonymous_3)","decl":{"start":{"line":16,"column":12},"end":{"line":16,"column":null}},"loc":{"start":{"line":16,"column":12},"end":{"line":19,"column":5}}}},"branchMap":{"0":{"loc":{"start":{"line":35,"column":13},"end":{"line":35,"column":26}},"type":"binary-expr","locations":[{"start":{"line":35,"column":13},"end":{"line":35,"column":26}}]}},"s":{"0":0,"1":0,"2":0,"3":0,"4":0,"5":0,"6":0,"7":0},"f":{"0":0,"1":0},"b":{"0":[0]}}
,"C:\\work\\htdocs\\ai-dev-project\\ai-todo-list2\\src\\app\\(dashboard)\\projects\\[id]\\edit\\loading.tsx": {"path":"C:\\work\\htdocs\\ai-dev-project\\ai-todo-list2\\src\\app\\(dashboard)\\projects\\[id]\\edit\\loading.tsx","statementMap":{"0":{"start":{"line":3,"column":24},"end":{"line":3,"column":null}},"1":{"start":{"line":1,"column":31},"end":{"line":1,"column":null}}},"fnMap":{"0":{"name":"ProjectEditLoading","decl":{"start":{"line":3,"column":24},"end":{"line":3,"column":null}},"loc":{"start":{"line":3,"column":24},"end":{"line":14,"column":null}}}},"branchMap":{},"s":{"0":0,"1":0},"f":{"0":0},"b":{}}
,"C:\\work\\htdocs\\ai-dev-project\\ai-todo-list2\\src\\app\\(dashboard)\\projects\\[id]\\edit\\page.tsx": {"path":"C:\\work\\htdocs\\ai-dev-project\\ai-todo-list2\\src\\app\\(dashboard)\\projects\\[id]\\edit\\page.tsx","statementMap":{"0":{"start":{"line":12,"column":30},"end":{"line":12,"column":46}},"1":{"start":{"line":1,"column":33},"end":{"line":1,"column":null}},"2":{"start":{"line":2,"column":31},"end":{"line":2,"column":null}},"3":{"start":{"line":3,"column":35},"end":{"line":3,"column":null}},"4":{"start":{"line":4,"column":32},"end":{"line":4,"column":null}},"5":{"start":{"line":13,"column":17},"end":{"line":13,"column":null}},"6":{"start":{"line":14,"column":17},"end":{"line":14,"column":null}},"7":{"start":{"line":16,"column":2},"end":{"line":18,"column":null}},"8":{"start":{"line":17,"column":4},"end":{"line":17,"column":null}},"9":{"start":{"line":20,"column":18},"end":{"line":20,"column":null}},"10":{"start":{"line":22,"column":2},"end":{"line":24,"column":null}},"11":{"start":{"line":23,"column":4},"end":{"line":23,"column":null}},"12":{"start":{"line":27,"column":2},"end":{"line":29,"column":null}},"13":{"start":{"line":28,"column":4},"end":{"line":28,"column":null}}},"fnMap":{"0":{"name":"EditProjectPage","decl":{"start":{"line":12,"column":30},"end":{"line":12,"column":46}},"loc":{"start":{"line":12,"column":67},"end":{"line":37,"column":null}}}},"branchMap":{"0":{"loc":{"start":{"line":16,"column":2},"end":{"line":18,"column":null}},"type":"if","locations":[{"start":{"line":16,"column":2},"end":{"line":18,"column":null}},{"start":{},"end":{}}]},"1":{"loc":{"start":{"line":22,"column":2},"end":{"line":24,"column":null}},"type":"if","locations":[{"start":{"line":22,"column":2},"end":{"line":24,"column":null}},{"start":{},"end":{}}]},"2":{"loc":{"start":{"line":27,"column":2},"end":{"line":29,"column":null}},"type":"if","locations":[{"start":{"line":27,"column":2},"end":{"line":29,"column":null}},{"start":{},"end":{}}]}},"s":{"0":4,"1":1,"2":1,"3":1,"4":1,"5":4,"6":4,"7":4,"8":1,"9":4,"10":4,"11":1,"12":4,"13":2},"f":{"0":4},"b":{"0":[1,3],"1":[1,3],"2":[2,1]}}
,"C:\\work\\htdocs\\ai-dev-project\\ai-todo-list2\\src\\app\\(dashboard)\\projects\\new\\page.tsx": {"path":"C:\\work\\htdocs\\ai-dev-project\\ai-todo-list2\\src\\app\\(dashboard)\\projects\\new\\page.tsx","statementMap":{"0":{"start":{"line":5,"column":30},"end":{"line":5,"column":null}},"1":{"start":{"line":1,"column":33},"end":{"line":1,"column":null}},"2":{"start":{"line":2,"column":25},"end":{"line":2,"column":null}},"3":{"start":{"line":3,"column":34},"end":{"line":3,"column":null}},"4":{"start":{"line":6,"column":17},"end":{"line":6,"column":null}},"5":{"start":{"line":8,"column":2},"end":{"line":10,"column":null}},"6":{"start":{"line":9,"column":4},"end":{"line":9,"column":null}}},"fnMap":{"0":{"name":"NewProjectPage","decl":{"start":{"line":5,"column":30},"end":{"line":5,"column":null}},"loc":{"start":{"line":5,"column":30},"end":{"line":18,"column":null}}}},"branchMap":{"0":{"loc":{"start":{"line":8,"column":2},"end":{"line":10,"column":null}},"type":"if","locations":[{"start":{"line":8,"column":2},"end":{"line":10,"column":null}},{"start":{},"end":{}}]}},"s":{"0":2,"1":1,"2":1,"3":1,"4":2,"5":2,"6":1},"f":{"0":2},"b":{"0":[1,1]}}
,"C:\\work\\htdocs\\ai-dev-project\\ai-todo-list2\\src\\app\\(dashboard)\\todos\\error.tsx": {"path":"C:\\work\\htdocs\\ai-dev-project\\ai-todo-list2\\src\\app\\(dashboard)\\todos\\error.tsx","statementMap":{"0":{"start":{"line":8,"column":24},"end":{"line":8,"column":35}},"1":{"start":{"line":3,"column":26},"end":{"line":3,"column":null}},"2":{"start":{"line":4,"column":23},"end":{"line":4,"column":null}},"3":{"start":{"line":5,"column":74},"end":{"line":5,"column":null}},"4":{"start":{"line":6,"column":28},"end":{"line":6,"column":null}},"5":{"start":{"line":15,"column":2},"end":{"line":18,"column":null}},"6":{"start":{"line":17,"column":4},"end":{"line":17,"column":null}}},"fnMap":{"0":{"name":"TodosError","decl":{"start":{"line":8,"column":24},"end":{"line":8,"column":35}},"loc":{"start":{"line":14,"column":1},"end":{"line":47,"column":null}}},"1":{"name":"(anonymous_2)","decl":{"start":{"line":15,"column":12},"end":{"line":15,"column":null}},"loc":{"start":{"line":15,"column":12},"end":{"line":18,"column":5}}}},"branchMap":{"0":{"loc":{"start":{"line":34,"column":13},"end":{"line":34,"column":26}},"type":"binary-expr","locations":[{"start":{"line":34,"column":13},"end":{"line":34,"column":26}}]}},"s":{"0":0,"1":0,"2":0,"3":0,"4":0,"5":0,"6":0},"f":{"0":0,"1":0},"b":{"0":[0]}}
,"C:\\work\\htdocs\\ai-dev-project\\ai-todo-list2\\src\\app\\(dashboard)\\todos\\loading.tsx": {"path":"C:\\work\\htdocs\\ai-dev-project\\ai-todo-list2\\src\\app\\(dashboard)\\todos\\loading.tsx","statementMap":{"0":{"start":{"line":3,"column":24},"end":{"line":3,"column":null}},"1":{"start":{"line":1,"column":31},"end":{"line":1,"column":null}}},"fnMap":{"0":{"name":"TodosLoading","decl":{"start":{"line":3,"column":24},"end":{"line":3,"column":null}},"loc":{"start":{"line":3,"column":24},"end":{"line":14,"column":null}}}},"branchMap":{},"s":{"0":0,"1":0},"f":{"0":0},"b":{}}
,"C:\\work\\htdocs\\ai-dev-project\\ai-todo-list2\\src\\app\\(dashboard)\\todos\\page.tsx": {"path":"C:\\work\\htdocs\\ai-dev-project\\ai-todo-list2\\src\\app\\(dashboard)\\todos\\page.tsx","statementMap":{"0":{"start":{"line":6,"column":30},"end":{"line":6,"column":40}},"1":{"start":{"line":1,"column":33},"end":{"line":1,"column":null}},"2":{"start":{"line":2,"column":33},"end":{"line":2,"column":null}},"3":{"start":{"line":3,"column":25},"end":{"line":3,"column":null}},"4":{"start":{"line":4,"column":36},"end":{"line":4,"column":null}},"5":{"start":{"line":11,"column":17},"end":{"line":11,"column":null}},"6":{"start":{"line":13,"column":2},"end":{"line":15,"column":null}},"7":{"start":{"line":14,"column":4},"end":{"line":14,"column":null}},"8":{"start":{"line":17,"column":16},"end":{"line":17,"column":null}}},"fnMap":{"0":{"name":"TodosPage","decl":{"start":{"line":6,"column":30},"end":{"line":6,"column":40}},"loc":{"start":{"line":10,"column":1},"end":{"line":20,"column":null}}}},"branchMap":{"0":{"loc":{"start":{"line":13,"column":2},"end":{"line":15,"column":null}},"type":"if","locations":[{"start":{"line":13,"column":2},"end":{"line":15,"column":null}},{"start":{},"end":{}}]}},"s":{"0":3,"1":1,"2":1,"3":1,"4":1,"5":3,"6":3,"7":1,"8":3},"f":{"0":3},"b":{"0":[1,2]}}
,"C:\\work\\htdocs\\ai-dev-project\\ai-todo-list2\\src\\app\\(dashboard)\\todos\\[id]\\error.tsx": {"path":"C:\\work\\htdocs\\ai-dev-project\\ai-todo-list2\\src\\app\\(dashboard)\\todos\\[id]\\error.tsx","statementMap":{"0":{"start":{"line":9,"column":24},"end":{"line":9,"column":40}},"1":{"start":{"line":3,"column":26},"end":{"line":3,"column":null}},"2":{"start":{"line":4,"column":23},"end":{"line":4,"column":null}},"3":{"start":{"line":5,"column":74},"end":{"line":5,"column":null}},"4":{"start":{"line":6,"column":28},"end":{"line":6,"column":null}},"5":{"start":{"line":7,"column":17},"end":{"line":7,"column":null}},"6":{"start":{"line":16,"column":2},"end":{"line":19,"column":null}},"7":{"start":{"line":18,"column":4},"end":{"line":18,"column":null}}},"fnMap":{"0":{"name":"TodoDetailError","decl":{"start":{"line":9,"column":24},"end":{"line":9,"column":40}},"loc":{"start":{"line":15,"column":1},"end":{"line":53,"column":null}}},"1":{"name":"(anonymous_3)","decl":{"start":{"line":16,"column":12},"end":{"line":16,"column":null}},"loc":{"start":{"line":16,"column":12},"end":{"line":19,"column":5}}}},"branchMap":{"0":{"loc":{"start":{"line":35,"column":13},"end":{"line":35,"column":26}},"type":"binary-expr","locations":[{"start":{"line":35,"column":13},"end":{"line":35,"column":26}}]}},"s":{"0":0,"1":0,"2":0,"3":0,"4":0,"5":0,"6":0,"7":0},"f":{"0":0,"1":0},"b":{"0":[0]}}
,"C:\\work\\htdocs\\ai-dev-project\\ai-todo-list2\\src\\app\\(dashboard)\\todos\\[id]\\loading.tsx": {"path":"C:\\work\\htdocs\\ai-dev-project\\ai-todo-list2\\src\\app\\(dashboard)\\todos\\[id]\\loading.tsx","statementMap":{"0":{"start":{"line":3,"column":24},"end":{"line":3,"column":null}},"1":{"start":{"line":1,"column":31},"end":{"line":1,"column":null}}},"fnMap":{"0":{"name":"TodoDetailLoading","decl":{"start":{"line":3,"column":24},"end":{"line":3,"column":null}},"loc":{"start":{"line":3,"column":24},"end":{"line":14,"column":null}}}},"branchMap":{},"s":{"0":0,"1":0},"f":{"0":0},"b":{}}
,"C:\\work\\htdocs\\ai-dev-project\\ai-todo-list2\\src\\app\\(dashboard)\\todos\\[id]\\page.tsx": {"path":"C:\\work\\htdocs\\ai-dev-project\\ai-todo-list2\\src\\app\\(dashboard)\\todos\\[id]\\page.tsx","statementMap":{"0":{"start":{"line":12,"column":30},"end":{"line":12,"column":45}},"1":{"start":{"line":1,"column":33},"end":{"line":1,"column":null}},"2":{"start":{"line":2,"column":28},"end":{"line":2,"column":null}},"3":{"start":{"line":3,"column":35},"end":{"line":3,"column":null}},"4":{"start":{"line":4,"column":27},"end":{"line":4,"column":null}},"5":{"start":{"line":13,"column":17},"end":{"line":13,"column":null}},"6":{"start":{"line":14,"column":17},"end":{"line":14,"column":null}},"7":{"start":{"line":16,"column":2},"end":{"line":18,"column":null}},"8":{"start":{"line":17,"column":4},"end":{"line":17,"column":null}},"9":{"start":{"line":20,"column":15},"end":{"line":20,"column":null}},"10":{"start":{"line":22,"column":2},"end":{"line":24,"column":null}},"11":{"start":{"line":23,"column":4},"end":{"line":23,"column":null}}},"fnMap":{"0":{"name":"TodoDetailPage","decl":{"start":{"line":12,"column":30},"end":{"line":12,"column":45}},"loc":{"start":{"line":12,"column":66},"end":{"line":27,"column":null}}}},"branchMap":{"0":{"loc":{"start":{"line":16,"column":2},"end":{"line":18,"column":null}},"type":"if","locations":[{"start":{"line":16,"column":2},"end":{"line":18,"column":null}},{"start":{},"end":{}}]},"1":{"loc":{"start":{"line":22,"column":2},"end":{"line":24,"column":null}},"type":"if","locations":[{"start":{"line":22,"column":2},"end":{"line":24,"column":null}},{"start":{},"end":{}}]}},"s":{"0":3,"1":1,"2":1,"3":1,"4":1,"5":3,"6":3,"7":3,"8":1,"9":3,"10":3,"11":1},"f":{"0":3},"b":{"0":[1,2],"1":[1,2]}}
,"C:\\work\\htdocs\\ai-dev-project\\ai-todo-list2\\src\\app\\(dashboard)\\todos\\[id]\\delete\\page.tsx": {"path":"C:\\work\\htdocs\\ai-dev-project\\ai-todo-list2\\src\\app\\(dashboard)\\todos\\[id]\\delete\\page.tsx","statementMap":{"0":{"start":{"line":12,"column":30},"end":{"line":12,"column":45}},"1":{"start":{"line":1,"column":33},"end":{"line":1,"column":null}},"2":{"start":{"line":2,"column":28},"end":{"line":2,"column":null}},"3":{"start":{"line":3,"column":35},"end":{"line":3,"column":null}},"4":{"start":{"line":4,"column":31},"end":{"line":4,"column":null}},"5":{"start":{"line":13,"column":17},"end":{"line":13,"column":null}},"6":{"start":{"line":14,"column":17},"end":{"line":14,"column":null}},"7":{"start":{"line":16,"column":2},"end":{"line":18,"column":null}},"8":{"start":{"line":17,"column":4},"end":{"line":17,"column":null}},"9":{"start":{"line":20,"column":15},"end":{"line":20,"column":null}},"10":{"start":{"line":22,"column":2},"end":{"line":24,"column":null}},"11":{"start":{"line":23,"column":4},"end":{"line":23,"column":null}},"12":{"start":{"line":27,"column":20},"end":{"line":27,"column":null}},"13":{"start":{"line":29,"column":2},"end":{"line":31,"column":null}},"14":{"start":{"line":30,"column":4},"end":{"line":30,"column":null}}},"fnMap":{"0":{"name":"DeleteTodoPage","decl":{"start":{"line":12,"column":30},"end":{"line":12,"column":45}},"loc":{"start":{"line":12,"column":66},"end":{"line":34,"column":null}}}},"branchMap":{"0":{"loc":{"start":{"line":16,"column":2},"end":{"line":18,"column":null}},"type":"if","locations":[{"start":{"line":16,"column":2},"end":{"line":18,"column":null}},{"start":{},"end":{}}]},"1":{"loc":{"start":{"line":22,"column":2},"end":{"line":24,"column":null}},"type":"if","locations":[{"start":{"line":22,"column":2},"end":{"line":24,"column":null}},{"start":{},"end":{}}]},"2":{"loc":{"start":{"line":27,"column":20},"end":{"line":27,"column":null}},"type":"binary-expr","locations":[{"start":{"line":27,"column":20},"end":{"line":27,"column":49}},{"start":{"line":27,"column":49},"end":{"line":27,"column":null}}]},"3":{"loc":{"start":{"line":29,"column":2},"end":{"line":31,"column":null}},"type":"if","locations":[{"start":{"line":29,"column":2},"end":{"line":31,"column":null}},{"start":{},"end":{}}]}},"s":{"0":4,"1":1,"2":1,"3":1,"4":1,"5":4,"6":4,"7":4,"8":1,"9":4,"10":4,"11":1,"12":4,"13":3,"14":2},"f":{"0":4},"b":{"0":[1,3],"1":[1,3],"2":[4,2],"3":[2,1]}}
,"C:\\work\\htdocs\\ai-dev-project\\ai-todo-list2\\src\\app\\(dashboard)\\todos\\[id]\\edit\\error.tsx": {"path":"C:\\work\\htdocs\\ai-dev-project\\ai-todo-list2\\src\\app\\(dashboard)\\todos\\[id]\\edit\\error.tsx","statementMap":{"0":{"start":{"line":9,"column":24},"end":{"line":9,"column":38}},"1":{"start":{"line":3,"column":26},"end":{"line":3,"column":null}},"2":{"start":{"line":4,"column":23},"end":{"line":4,"column":null}},"3":{"start":{"line":5,"column":74},"end":{"line":5,"column":null}},"4":{"start":{"line":6,"column":28},"end":{"line":6,"column":null}},"5":{"start":{"line":7,"column":17},"end":{"line":7,"column":null}},"6":{"start":{"line":16,"column":2},"end":{"line":19,"column":null}},"7":{"start":{"line":18,"column":4},"end":{"line":18,"column":null}}},"fnMap":{"0":{"name":"TodoEditError","decl":{"start":{"line":9,"column":24},"end":{"line":9,"column":38}},"loc":{"start":{"line":15,"column":1},"end":{"line":53,"column":null}}},"1":{"name":"(anonymous_3)","decl":{"start":{"line":16,"column":12},"end":{"line":16,"column":null}},"loc":{"start":{"line":16,"column":12},"end":{"line":19,"column":5}}}},"branchMap":{"0":{"loc":{"start":{"line":35,"column":13},"end":{"line":35,"column":26}},"type":"binary-expr","locations":[{"start":{"line":35,"column":13},"end":{"line":35,"column":26}}]}},"s":{"0":0,"1":0,"2":0,"3":0,"4":0,"5":0,"6":0,"7":0},"f":{"0":0,"1":0},"b":{"0":[0]}}
,"C:\\work\\htdocs\\ai-dev-project\\ai-todo-list2\\src\\app\\(dashboard)\\todos\\[id]\\edit\\loading.tsx": {"path":"C:\\work\\htdocs\\ai-dev-project\\ai-todo-list2\\src\\app\\(dashboard)\\todos\\[id]\\edit\\loading.tsx","statementMap":{"0":{"start":{"line":3,"column":24},"end":{"line":3,"column":null}},"1":{"start":{"line":1,"column":31},"end":{"line":1,"column":null}}},"fnMap":{"0":{"name":"TodoEditLoading","decl":{"start":{"line":3,"column":24},"end":{"line":3,"column":null}},"loc":{"start":{"line":3,"column":24},"end":{"line":14,"column":null}}}},"branchMap":{},"s":{"0":0,"1":0},"f":{"0":0},"b":{}}
,"C:\\work\\htdocs\\ai-dev-project\\ai-todo-list2\\src\\app\\(dashboard)\\todos\\[id]\\edit\\page.tsx": {"path":"C:\\work\\htdocs\\ai-dev-project\\ai-todo-list2\\src\\app\\(dashboard)\\todos\\[id]\\edit\\page.tsx","statementMap":{"0":{"start":{"line":13,"column":30},"end":{"line":13,"column":43}},"1":{"start":{"line":1,"column":33},"end":{"line":1,"column":null}},"2":{"start":{"line":2,"column":45},"end":{"line":2,"column":null}},"3":{"start":{"line":3,"column":31},"end":{"line":3,"column":null}},"4":{"start":{"line":4,"column":35},"end":{"line":4,"column":null}},"5":{"start":{"line":5,"column":29},"end":{"line":5,"column":null}},"6":{"start":{"line":14,"column":17},"end":{"line":14,"column":null}},"7":{"start":{"line":15,"column":17},"end":{"line":15,"column":null}},"8":{"start":{"line":17,"column":2},"end":{"line":19,"column":null}},"9":{"start":{"line":18,"column":4},"end":{"line":18,"column":null}},"10":{"start":{"line":21,"column":15},"end":{"line":21,"column":null}},"11":{"start":{"line":23,"column":2},"end":{"line":25,"column":null}},"12":{"start":{"line":24,"column":4},"end":{"line":24,"column":null}},"13":{"start":{"line":30,"column":20},"end":{"line":30,"column":null}},"14":{"start":{"line":31,"column":18},"end":{"line":31,"column":null}},"15":{"start":{"line":34,"column":2},"end":{"line":39,"column":null}},"16":{"start":{"line":35,"column":21},"end":{"line":35,"column":null}},"17":{"start":{"line":36,"column":4},"end":{"line":38,"column":null}},"18":{"start":{"line":37,"column":6},"end":{"line":37,"column":null}},"19":{"start":{"line":42,"column":18},"end":{"line":42,"column":null}},"20":{"start":{"line":44,"column":2},"end":{"line":46,"column":null}},"21":{"start":{"line":45,"column":4},"end":{"line":45,"column":null}}},"fnMap":{"0":{"name":"EditTodoPage","decl":{"start":{"line":13,"column":30},"end":{"line":13,"column":43}},"loc":{"start":{"line":13,"column":64},"end":{"line":49,"column":null}}}},"branchMap":{"0":{"loc":{"start":{"line":17,"column":2},"end":{"line":19,"column":null}},"type":"if","locations":[{"start":{"line":17,"column":2},"end":{"line":19,"column":null}},{"start":{},"end":{}}]},"1":{"loc":{"start":{"line":23,"column":2},"end":{"line":25,"column":null}},"type":"if","locations":[{"start":{"line":23,"column":2},"end":{"line":25,"column":null}},{"start":{},"end":{}}]},"2":{"loc":{"start":{"line":34,"column":2},"end":{"line":39,"column":null}},"type":"if","locations":[{"start":{"line":34,"column":2},"end":{"line":39,"column":null}},{"start":{},"end":{}}]},"3":{"loc":{"start":{"line":34,"column":6},"end":{"line":34,"column":30}},"type":"binary-expr","locations":[{"start":{"line":34,"column":6},"end":{"line":34,"column":20}},{"start":{"line":34,"column":20},"end":{"line":34,"column":30}}]},"4":{"loc":{"start":{"line":36,"column":4},"end":{"line":38,"column":null}},"type":"if","locations":[{"start":{"line":36,"column":4},"end":{"line":38,"column":null}},{"start":{},"end":{}}]},"5":{"loc":{"start":{"line":44,"column":2},"end":{"line":46,"column":null}},"type":"if","locations":[{"start":{"line":44,"column":2},"end":{"line":46,"column":null}},{"start":{},"end":{}}]}},"s":{"0":3,"1":1,"2":1,"3":1,"4":1,"5":1,"6":3,"7":3,"8":3,"9":1,"10":3,"11":3,"12":1,"13":3,"14":2,"15":2,"16":1,"17":1,"18":1,"19":2,"20":2,"21":0},"f":{"0":3},"b":{"0":[1,2],"1":[1,2],"2":[1,1],"3":[2,1],"4":[1,0],"5":[0,2]}}
,"C:\\work\\htdocs\\ai-dev-project\\ai-todo-list2\\src\\app\\(dashboard)\\todos\\new\\page.tsx": {"path":"C:\\work\\htdocs\\ai-dev-project\\ai-todo-list2\\src\\app\\(dashboard)\\todos\\new\\page.tsx","statementMap":{"0":{"start":{"line":6,"column":30},"end":{"line":6,"column":null}},"1":{"start":{"line":1,"column":33},"end":{"line":1,"column":null}},"2":{"start":{"line":2,"column":36},"end":{"line":2,"column":null}},"3":{"start":{"line":3,"column":25},"end":{"line":3,"column":null}},"4":{"start":{"line":4,"column":31},"end":{"line":4,"column":null}},"5":{"start":{"line":7,"column":17},"end":{"line":7,"column":null}},"6":{"start":{"line":9,"column":2},"end":{"line":11,"column":null}},"7":{"start":{"line":10,"column":4},"end":{"line":10,"column":null}},"8":{"start":{"line":13,"column":19},"end":{"line":13,"column":null}},"9":{"start":{"line":15,"column":2},"end":{"line":17,"column":null}},"10":{"start":{"line":16,"column":4},"end":{"line":16,"column":null}}},"fnMap":{"0":{"name":"NewTodoPage","decl":{"start":{"line":6,"column":30},"end":{"line":6,"column":null}},"loc":{"start":{"line":6,"column":30},"end":{"line":25,"column":null}}}},"branchMap":{"0":{"loc":{"start":{"line":9,"column":2},"end":{"line":11,"column":null}},"type":"if","locations":[{"start":{"line":9,"column":2},"end":{"line":11,"column":null}},{"start":{},"end":{}}]},"1":{"loc":{"start":{"line":15,"column":2},"end":{"line":17,"column":null}},"type":"if","locations":[{"start":{"line":15,"column":2},"end":{"line":17,"column":null}},{"start":{},"end":{}}]}},"s":{"0":3,"1":1,"2":1,"3":1,"4":1,"5":3,"6":3,"7":1,"8":3,"9":3,"10":1},"f":{"0":3},"b":{"0":[1,2],"1":[1,2]}}
,"C:\\work\\htdocs\\ai-dev-project\\ai-todo-list2\\src\\app\\actions\\comments.ts": {"path":"C:\\work\\htdocs\\ai-dev-project\\ai-todo-list2\\src\\app\\actions\\comments.ts","statementMap":{"0":{"start":{"line":12,"column":22},"end":{"line":12,"column":36}},"1":{"start":{"line":166,"column":22},"end":{"line":166,"column":36}},"2":{"start":{"line":94,"column":22},"end":{"line":94,"column":36}},"3":{"start":{"line":3,"column":33},"end":{"line":3,"column":null}},"4":{"start":{"line":4,"column":33},"end":{"line":4,"column":null}},"5":{"start":{"line":5,"column":23},"end":{"line":5,"column":null}},"6":{"start":{"line":6,"column":115},"end":{"line":6,"column":null}},"7":{"start":{"line":7,"column":31},"end":{"line":7,"column":null}},"8":{"start":{"line":13,"column":17},"end":{"line":13,"column":null}},"9":{"start":{"line":15,"column":2},"end":{"line":20,"column":null}},"10":{"start":{"line":16,"column":4},"end":{"line":19,"column":null}},"11":{"start":{"line":23,"column":27},"end":{"line":23,"column":null}},"12":{"start":{"line":25,"column":2},"end":{"line":31,"column":null}},"13":{"start":{"line":26,"column":4},"end":{"line":30,"column":null}},"14":{"start":{"line":33,"column":15},"end":{"line":33,"column":36}},"15":{"start":{"line":36,"column":15},"end":{"line":43,"column":null}},"16":{"start":{"line":45,"column":2},"end":{"line":50,"column":null}},"17":{"start":{"line":46,"column":4},"end":{"line":49,"column":null}},"18":{"start":{"line":53,"column":20},"end":{"line":53,"column":null}},"19":{"start":{"line":55,"column":2},"end":{"line":60,"column":null}},"20":{"start":{"line":56,"column":4},"end":{"line":59,"column":null}},"21":{"start":{"line":62,"column":2},"end":{"line":88,"column":null}},"22":{"start":{"line":64,"column":20},"end":{"line":73,"column":null}},"23":{"start":{"line":76,"column":4},"end":{"line":76,"column":null}},"24":{"start":{"line":78,"column":4},"end":{"line":81,"column":null}},"25":{"start":{"line":83,"column":4},"end":{"line":83,"column":null}},"26":{"start":{"line":84,"column":4},"end":{"line":87,"column":null}},"27":{"start":{"line":95,"column":17},"end":{"line":95,"column":null}},"28":{"start":{"line":97,"column":2},"end":{"line":102,"column":null}},"29":{"start":{"line":98,"column":4},"end":{"line":101,"column":null}},"30":{"start":{"line":105,"column":26},"end":{"line":113,"column":null}},"31":{"start":{"line":115,"column":2},"end":{"line":120,"column":null}},"32":{"start":{"line":116,"column":4},"end":{"line":119,"column":null}},"33":{"start":{"line":123,"column":27},"end":{"line":123,"column":null}},"34":{"start":{"line":125,"column":2},"end":{"line":131,"column":null}},"35":{"start":{"line":126,"column":4},"end":{"line":130,"column":null}},"36":{"start":{"line":133,"column":15},"end":{"line":133,"column":36}},"37":{"start":{"line":135,"column":2},"end":{"line":160,"column":null}},"38":{"start":{"line":137,"column":20},"end":{"line":145,"column":null}},"39":{"start":{"line":148,"column":4},"end":{"line":148,"column":null}},"40":{"start":{"line":150,"column":4},"end":{"line":153,"column":null}},"41":{"start":{"line":155,"column":4},"end":{"line":155,"column":null}},"42":{"start":{"line":156,"column":4},"end":{"line":159,"column":null}},"43":{"start":{"line":167,"column":17},"end":{"line":167,"column":null}},"44":{"start":{"line":169,"column":2},"end":{"line":174,"column":null}},"45":{"start":{"line":170,"column":4},"end":{"line":173,"column":null}},"46":{"start":{"line":177,"column":26},"end":{"line":182,"column":null}},"47":{"start":{"line":184,"column":2},"end":{"line":189,"column":null}},"48":{"start":{"line":185,"column":4},"end":{"line":188,"column":null}},"49":{"start":{"line":191,"column":2},"end":{"line":209,"column":null}},"50":{"start":{"line":193,"column":4},"end":{"line":195,"column":null}},"51":{"start":{"line":198,"column":4},"end":{"line":198,"column":null}},"52":{"start":{"line":200,"column":4},"end":{"line":202,"column":null}},"53":{"start":{"line":204,"column":4},"end":{"line":204,"column":null}},"54":{"start":{"line":205,"column":4},"end":{"line":208,"column":null}}},"fnMap":{"0":{"name":"createComment","decl":{"start":{"line":12,"column":22},"end":{"line":12,"column":36}},"loc":{"start":{"line":12,"column":65},"end":{"line":89,"column":null}}},"1":{"name":"updateComment","decl":{"start":{"line":94,"column":22},"end":{"line":94,"column":36}},"loc":{"start":{"line":94,"column":84},"end":{"line":161,"column":null}}},"2":{"name":"deleteComment","decl":{"start":{"line":166,"column":22},"end":{"line":166,"column":36}},"loc":{"start":{"line":166,"column":53},"end":{"line":210,"column":null}}}},"branchMap":{"0":{"loc":{"start":{"line":15,"column":2},"end":{"line":20,"column":null}},"type":"if","locations":[{"start":{"line":15,"column":2},"end":{"line":20,"column":null}},{"start":{},"end":{}}]},"1":{"loc":{"start":{"line":25,"column":2},"end":{"line":31,"column":null}},"type":"if","locations":[{"start":{"line":25,"column":2},"end":{"line":31,"column":null}},{"start":{},"end":{}}]},"2":{"loc":{"start":{"line":45,"column":2},"end":{"line":50,"column":null}},"type":"if","locations":[{"start":{"line":45,"column":2},"end":{"line":50,"column":null}},{"start":{},"end":{}}]},"3":{"loc":{"start":{"line":55,"column":2},"end":{"line":60,"column":null}},"type":"if","locations":[{"start":{"line":55,"column":2},"end":{"line":60,"column":null}},{"start":{},"end":{}}]},"4":{"loc":{"start":{"line":97,"column":2},"end":{"line":102,"column":null}},"type":"if","locations":[{"start":{"line":97,"column":2},"end":{"line":102,"column":null}},{"start":{},"end":{}}]},"5":{"loc":{"start":{"line":115,"column":2},"end":{"line":120,"column":null}},"type":"if","locations":[{"start":{"line":115,"column":2},"end":{"line":120,"column":null}},{"start":{},"end":{}}]},"6":{"loc":{"start":{"line":125,"column":2},"end":{"line":131,"column":null}},"type":"if","locations":[{"start":{"line":125,"column":2},"end":{"line":131,"column":null}},{"start":{},"end":{}}]},"7":{"loc":{"start":{"line":169,"column":2},"end":{"line":174,"column":null}},"type":"if","locations":[{"start":{"line":169,"column":2},"end":{"line":174,"column":null}},{"start":{},"end":{}}]},"8":{"loc":{"start":{"line":184,"column":2},"end":{"line":189,"column":null}},"type":"if","locations":[{"start":{"line":184,"column":2},"end":{"line":189,"column":null}},{"start":{},"end":{}}]}},"s":{"0":4,"1":2,"2":2,"3":1,"4":1,"5":1,"6":1,"7":1,"8":4,"9":4,"10":1,"11":3,"12":3,"13":0,"14":3,"15":3,"16":3,"17":1,"18":2,"19":2,"20":1,"21":1,"22":1,"23":1,"24":1,"25":0,"26":0,"27":2,"28":2,"29":0,"30":2,"31":2,"32":1,"33":1,"34":1,"35":0,"36":1,"37":1,"38":1,"39":1,"40":1,"41":0,"42":0,"43":2,"44":2,"45":0,"46":2,"47":2,"48":1,"49":1,"50":1,"51":1,"52":1,"53":0,"54":0},"f":{"0":4,"1":2,"2":2},"b":{"0":[1,3],"1":[0,3],"2":[1,2],"3":[1,1],"4":[0,2],"5":[1,1],"6":[0,1],"7":[0,2],"8":[1,1]}}
,"C:\\work\\htdocs\\ai-dev-project\\ai-todo-list2\\src\\app\\actions\\projects.ts": {"path":"C:\\work\\htdocs\\ai-dev-project\\ai-todo-list2\\src\\app\\actions\\projects.ts","statementMap":{"0":{"start":{"line":11,"column":22},"end":{"line":11,"column":36}},"1":{"start":{"line":154,"column":22},"end":{"line":154,"column":36}},"2":{"start":{"line":76,"column":22},"end":{"line":76,"column":36}},"3":{"start":{"line":3,"column":33},"end":{"line":3,"column":null}},"4":{"start":{"line":4,"column":23},"end":{"line":4,"column":null}},"5":{"start":{"line":5,"column":115},"end":{"line":5,"column":null}},"6":{"start":{"line":6,"column":31},"end":{"line":6,"column":null}},"7":{"start":{"line":12,"column":17},"end":{"line":12,"column":null}},"8":{"start":{"line":14,"column":2},"end":{"line":19,"column":null}},"9":{"start":{"line":15,"column":4},"end":{"line":18,"column":null}},"10":{"start":{"line":22,"column":27},"end":{"line":22,"column":null}},"11":{"start":{"line":24,"column":2},"end":{"line":30,"column":null}},"12":{"start":{"line":25,"column":4},"end":{"line":29,"column":null}},"13":{"start":{"line":32,"column":15},"end":{"line":32,"column":36}},"14":{"start":{"line":34,"column":2},"end":{"line":70,"column":null}},"15":{"start":{"line":36,"column":20},"end":{"line":45,"column":null}},"16":{"start":{"line":48,"column":4},"end":{"line":54,"column":null}},"17":{"start":{"line":57,"column":4},"end":{"line":57,"column":null}},"18":{"start":{"line":58,"column":4},"end":{"line":58,"column":null}},"19":{"start":{"line":60,"column":4},"end":{"line":63,"column":null}},"20":{"start":{"line":65,"column":4},"end":{"line":65,"column":null}},"21":{"start":{"line":66,"column":4},"end":{"line":69,"column":null}},"22":{"start":{"line":77,"column":17},"end":{"line":77,"column":null}},"23":{"start":{"line":79,"column":2},"end":{"line":84,"column":null}},"24":{"start":{"line":80,"column":4},"end":{"line":83,"column":null}},"25":{"start":{"line":87,"column":26},"end":{"line":92,"column":null}},"26":{"start":{"line":94,"column":2},"end":{"line":99,"column":null}},"27":{"start":{"line":95,"column":4},"end":{"line":98,"column":null}},"28":{"start":{"line":102,"column":27},"end":{"line":102,"column":null}},"29":{"start":{"line":104,"column":2},"end":{"line":110,"column":null}},"30":{"start":{"line":105,"column":4},"end":{"line":109,"column":null}},"31":{"start":{"line":112,"column":15},"end":{"line":112,"column":36}},"32":{"start":{"line":114,"column":2},"end":{"line":148,"column":null}},"33":{"start":{"line":116,"column":71},"end":{"line":116,"column":null}},"34":{"start":{"line":117,"column":4},"end":{"line":119,"column":null}},"35":{"start":{"line":118,"column":6},"end":{"line":118,"column":null}},"36":{"start":{"line":120,"column":4},"end":{"line":122,"column":null}},"37":{"start":{"line":121,"column":6},"end":{"line":121,"column":null}},"38":{"start":{"line":125,"column":20},"end":{"line":131,"column":null}},"39":{"start":{"line":134,"column":4},"end":{"line":134,"column":null}},"40":{"start":{"line":135,"column":4},"end":{"line":135,"column":null}},"41":{"start":{"line":136,"column":4},"end":{"line":136,"column":null}},"42":{"start":{"line":138,"column":4},"end":{"line":141,"column":null}},"43":{"start":{"line":143,"column":4},"end":{"line":143,"column":null}},"44":{"start":{"line":144,"column":4},"end":{"line":147,"column":null}},"45":{"start":{"line":155,"column":17},"end":{"line":155,"column":null}},"46":{"start":{"line":157,"column":2},"end":{"line":162,"column":null}},"47":{"start":{"line":158,"column":4},"end":{"line":161,"column":null}},"48":{"start":{"line":165,"column":26},"end":{"line":170,"column":null}},"49":{"start":{"line":172,"column":2},"end":{"line":177,"column":null}},"50":{"start":{"line":173,"column":4},"end":{"line":176,"column":null}},"51":{"start":{"line":179,"column":2},"end":{"line":198,"column":null}},"52":{"start":{"line":181,"column":4},"end":{"line":183,"column":null}},"53":{"start":{"line":186,"column":4},"end":{"line":186,"column":null}},"54":{"start":{"line":187,"column":4},"end":{"line":187,"column":null}},"55":{"start":{"line":189,"column":4},"end":{"line":191,"column":null}},"56":{"start":{"line":193,"column":4},"end":{"line":193,"column":null}},"57":{"start":{"line":194,"column":4},"end":{"line":197,"column":null}}},"fnMap":{"0":{"name":"createProject","decl":{"start":{"line":11,"column":22},"end":{"line":11,"column":36}},"loc":{"start":{"line":11,"column":65},"end":{"line":71,"column":null}}},"1":{"name":"updateProject","decl":{"start":{"line":76,"column":22},"end":{"line":76,"column":36}},"loc":{"start":{"line":76,"column":84},"end":{"line":149,"column":null}}},"2":{"name":"deleteProject","decl":{"start":{"line":154,"column":22},"end":{"line":154,"column":36}},"loc":{"start":{"line":154,"column":53},"end":{"line":199,"column":null}}}},"branchMap":{"0":{"loc":{"start":{"line":14,"column":2},"end":{"line":19,"column":null}},"type":"if","locations":[{"start":{"line":14,"column":2},"end":{"line":19,"column":null}},{"start":{},"end":{}}]},"1":{"loc":{"start":{"line":24,"column":2},"end":{"line":30,"column":null}},"type":"if","locations":[{"start":{"line":24,"column":2},"end":{"line":30,"column":null}},{"start":{},"end":{}}]},"2":{"loc":{"start":{"line":79,"column":2},"end":{"line":84,"column":null}},"type":"if","locations":[{"start":{"line":79,"column":2},"end":{"line":84,"column":null}},{"start":{},"end":{}}]},"3":{"loc":{"start":{"line":94,"column":2},"end":{"line":99,"column":null}},"type":"if","locations":[{"start":{"line":94,"column":2},"end":{"line":99,"column":null}},{"start":{},"end":{}}]},"4":{"loc":{"start":{"line":104,"column":2},"end":{"line":110,"column":null}},"type":"if","locations":[{"start":{"line":104,"column":2},"end":{"line":110,"column":null}},{"start":{},"end":{}}]},"5":{"loc":{"start":{"line":117,"column":4},"end":{"line":119,"column":null}},"type":"if","locations":[{"start":{"line":117,"column":4},"end":{"line":119,"column":null}},{"start":{},"end":{}}]},"6":{"loc":{"start":{"line":120,"column":4},"end":{"line":122,"column":null}},"type":"if","locations":[{"start":{"line":120,"column":4},"end":{"line":122,"column":null}},{"start":{},"end":{}}]},"7":{"loc":{"start":{"line":121,"column":31},"end":{"line":121,"column":null}},"type":"binary-expr","locations":[{"start":{"line":121,"column":31},"end":{"line":121,"column":47}},{"start":{"line":121,"column":51},"end":{"line":121,"column":null}}]},"8":{"loc":{"start":{"line":157,"column":2},"end":{"line":162,"column":null}},"type":"if","locations":[{"start":{"line":157,"column":2},"end":{"line":162,"column":null}},{"start":{},"end":{}}]},"9":{"loc":{"start":{"line":172,"column":2},"end":{"line":177,"column":null}},"type":"if","locations":[{"start":{"line":172,"column":2},"end":{"line":177,"column":null}},{"start":{},"end":{}}]}},"s":{"0":3,"1":2,"2":2,"3":1,"4":1,"5":1,"6":1,"7":3,"8":3,"9":1,"10":2,"11":2,"12":1,"13":1,"14":1,"15":1,"16":1,"17":1,"18":1,"19":1,"20":0,"21":0,"22":2,"23":2,"24":0,"25":2,"26":2,"27":1,"28":1,"29":1,"30":0,"31":1,"32":1,"33":1,"34":1,"35":1,"36":1,"37":1,"38":1,"39":1,"40":1,"41":1,"42":1,"43":0,"44":0,"45":2,"46":2,"47":0,"48":2,"49":2,"50":1,"51":1,"52":1,"53":1,"54":1,"55":1,"56":0,"57":0},"f":{"0":3,"1":2,"2":2},"b":{"0":[1,2],"1":[1,1],"2":[0,2],"3":[1,1],"4":[0,1],"5":[1,0],"6":[1,0],"7":[1,0],"8":[0,2],"9":[1,1]}}
,"C:\\work\\htdocs\\ai-dev-project\\ai-todo-list2\\src\\app\\actions\\todos.ts": {"path":"C:\\work\\htdocs\\ai-dev-project\\ai-todo-list2\\src\\app\\actions\\todos.ts","statementMap":{"0":{"start":{"line":12,"column":22},"end":{"line":12,"column":33}},"1":{"start":{"line":326,"column":22},"end":{"line":326,"column":33}},"2":{"start":{"line":143,"column":22},"end":{"line":143,"column":33}},"3":{"start":{"line":3,"column":33},"end":{"line":3,"column":null}},"4":{"start":{"line":4,"column":33},"end":{"line":4,"column":null}},"5":{"start":{"line":5,"column":23},"end":{"line":5,"column":null}},"6":{"start":{"line":6,"column":103},"end":{"line":6,"column":null}},"7":{"start":{"line":7,"column":31},"end":{"line":7,"column":null}},"8":{"start":{"line":13,"column":17},"end":{"line":13,"column":null}},"9":{"start":{"line":15,"column":2},"end":{"line":20,"column":null}},"10":{"start":{"line":16,"column":4},"end":{"line":19,"column":null}},"11":{"start":{"line":23,"column":27},"end":{"line":26,"column":null}},"12":{"start":{"line":28,"column":2},"end":{"line":34,"column":null}},"13":{"start":{"line":29,"column":4},"end":{"line":33,"column":null}},"14":{"start":{"line":36,"column":15},"end":{"line":36,"column":36}},"15":{"start":{"line":39,"column":20},"end":{"line":39,"column":null}},"16":{"start":{"line":41,"column":2},"end":{"line":46,"column":null}},"17":{"start":{"line":42,"column":4},"end":{"line":45,"column":null}},"18":{"start":{"line":49,"column":2},"end":{"line":63,"column":null}},"19":{"start":{"line":50,"column":21},"end":{"line":55,"column":null}},"20":{"start":{"line":57,"column":4},"end":{"line":62,"column":null}},"21":{"start":{"line":58,"column":6},"end":{"line":61,"column":null}},"22":{"start":{"line":66,"column":2},"end":{"line":80,"column":null}},"23":{"start":{"line":67,"column":17},"end":{"line":72,"column":null}},"24":{"start":{"line":74,"column":4},"end":{"line":79,"column":null}},"25":{"start":{"line":75,"column":6},"end":{"line":78,"column":null}},"26":{"start":{"line":82,"column":2},"end":{"line":137,"column":null}},"27":{"start":{"line":84,"column":17},"end":{"line":107,"column":null}},"28":{"start":{"line":96,"column":50},"end":{"line":98,"column":null}},"29":{"start":{"line":110,"column":4},"end":{"line":121,"column":null}},"30":{"start":{"line":124,"column":4},"end":{"line":124,"column":null}},"31":{"start":{"line":125,"column":4},"end":{"line":125,"column":null}},"32":{"start":{"line":127,"column":4},"end":{"line":130,"column":null}},"33":{"start":{"line":132,"column":4},"end":{"line":132,"column":null}},"34":{"start":{"line":133,"column":4},"end":{"line":136,"column":null}},"35":{"start":{"line":144,"column":17},"end":{"line":144,"column":null}},"36":{"start":{"line":146,"column":2},"end":{"line":151,"column":null}},"37":{"start":{"line":147,"column":4},"end":{"line":150,"column":null}},"38":{"start":{"line":154,"column":23},"end":{"line":173,"column":null}},"39":{"start":{"line":175,"column":2},"end":{"line":180,"column":null}},"40":{"start":{"line":176,"column":4},"end":{"line":179,"column":null}},"41":{"start":{"line":186,"column":20},"end":{"line":186,"column":null}},"42":{"start":{"line":187,"column":18},"end":{"line":187,"column":null}},"43":{"start":{"line":190,"column":2},"end":{"line":204,"column":null}},"44":{"start":{"line":191,"column":21},"end":{"line":196,"column":null}},"45":{"start":{"line":198,"column":4},"end":{"line":203,"column":null}},"46":{"start":{"line":199,"column":6},"end":{"line":202,"column":null}},"47":{"start":{"line":207,"column":27},"end":{"line":210,"column":null}},"48":{"start":{"line":212,"column":2},"end":{"line":218,"column":null}},"49":{"start":{"line":213,"column":4},"end":{"line":217,"column":null}},"50":{"start":{"line":220,"column":15},"end":{"line":220,"column":36}},"51":{"start":{"line":223,"column":2},"end":{"line":237,"column":null}},"52":{"start":{"line":224,"column":21},"end":{"line":229,"column":null}},"53":{"start":{"line":231,"column":4},"end":{"line":236,"column":null}},"54":{"start":{"line":232,"column":6},"end":{"line":235,"column":null}},"55":{"start":{"line":240,"column":2},"end":{"line":254,"column":null}},"56":{"start":{"line":241,"column":17},"end":{"line":246,"column":null}},"57":{"start":{"line":248,"column":4},"end":{"line":253,"column":null}},"58":{"start":{"line":249,"column":6},"end":{"line":252,"column":null}},"59":{"start":{"line":256,"column":2},"end":{"line":320,"column":null}},"60":{"start":{"line":258,"column":21},"end":{"line":262,"column":null}},"61":{"start":{"line":265,"column":17},"end":{"line":288,"column":null}},"62":{"start":{"line":277,"column":50},"end":{"line":279,"column":null}},"63":{"start":{"line":291,"column":4},"end":{"line":303,"column":null}},"64":{"start":{"line":306,"column":4},"end":{"line":306,"column":null}},"65":{"start":{"line":307,"column":4},"end":{"line":307,"column":null}},"66":{"start":{"line":308,"column":4},"end":{"line":308,"column":null}},"67":{"start":{"line":310,"column":4},"end":{"line":313,"column":null}},"68":{"start":{"line":315,"column":4},"end":{"line":315,"column":null}},"69":{"start":{"line":316,"column":4},"end":{"line":319,"column":null}},"70":{"start":{"line":327,"column":17},"end":{"line":327,"column":null}},"71":{"start":{"line":329,"column":2},"end":{"line":334,"column":null}},"72":{"start":{"line":330,"column":4},"end":{"line":333,"column":null}},"73":{"start":{"line":337,"column":23},"end":{"line":356,"column":null}},"74":{"start":{"line":358,"column":2},"end":{"line":363,"column":null}},"75":{"start":{"line":359,"column":4},"end":{"line":362,"column":null}},"76":{"start":{"line":366,"column":20},"end":{"line":366,"column":null}},"77":{"start":{"line":368,"column":2},"end":{"line":373,"column":null}},"78":{"start":{"line":369,"column":4},"end":{"line":372,"column":null}},"79":{"start":{"line":375,"column":2},"end":{"line":408,"column":null}},"80":{"start":{"line":377,"column":4},"end":{"line":388,"column":null}},"81":{"start":{"line":391,"column":4},"end":{"line":393,"column":null}},"82":{"start":{"line":396,"column":4},"end":{"line":396,"column":null}},"83":{"start":{"line":397,"column":4},"end":{"line":397,"column":null}},"84":{"start":{"line":399,"column":4},"end":{"line":401,"column":null}},"85":{"start":{"line":403,"column":4},"end":{"line":403,"column":null}},"86":{"start":{"line":404,"column":4},"end":{"line":407,"column":null}}},"fnMap":{"0":{"name":"createTodo","decl":{"start":{"line":12,"column":22},"end":{"line":12,"column":33}},"loc":{"start":{"line":12,"column":59},"end":{"line":138,"column":null}}},"1":{"name":"(anonymous_5)","decl":{"start":{"line":96,"column":38},"end":{"line":96,"column":39}},"loc":{"start":{"line":96,"column":50},"end":{"line":98,"column":null}}},"2":{"name":"updateTodo","decl":{"start":{"line":143,"column":22},"end":{"line":143,"column":33}},"loc":{"start":{"line":143,"column":75},"end":{"line":321,"column":null}}},"3":{"name":"(anonymous_7)","decl":{"start":{"line":277,"column":38},"end":{"line":277,"column":39}},"loc":{"start":{"line":277,"column":50},"end":{"line":279,"column":null}}},"4":{"name":"deleteTodo","decl":{"start":{"line":326,"column":22},"end":{"line":326,"column":33}},"loc":{"start":{"line":326,"column":47},"end":{"line":409,"column":null}}}},"branchMap":{"0":{"loc":{"start":{"line":15,"column":2},"end":{"line":20,"column":null}},"type":"if","locations":[{"start":{"line":15,"column":2},"end":{"line":20,"column":null}},{"start":{},"end":{}}]},"1":{"loc":{"start":{"line":25,"column":13},"end":{"line":25,"column":null}},"type":"cond-expr","locations":[{"start":{"line":25,"column":29},"end":{"line":25,"column":42}},{"start":{"line":25,"column":45},"end":{"line":25,"column":null}}]},"2":{"loc":{"start":{"line":28,"column":2},"end":{"line":34,"column":null}},"type":"if","locations":[{"start":{"line":28,"column":2},"end":{"line":34,"column":null}},{"start":{},"end":{}}]},"3":{"loc":{"start":{"line":41,"column":2},"end":{"line":46,"column":null}},"type":"if","locations":[{"start":{"line":41,"column":2},"end":{"line":46,"column":null}},{"start":{},"end":{}}]},"4":{"loc":{"start":{"line":49,"column":2},"end":{"line":63,"column":null}},"type":"if","locations":[{"start":{"line":49,"column":2},"end":{"line":63,"column":null}},{"start":{},"end":{}}]},"5":{"loc":{"start":{"line":57,"column":4},"end":{"line":62,"column":null}},"type":"if","locations":[{"start":{"line":57,"column":4},"end":{"line":62,"column":null}},{"start":{},"end":{}}]},"6":{"loc":{"start":{"line":66,"column":2},"end":{"line":80,"column":null}},"type":"if","locations":[{"start":{"line":66,"column":2},"end":{"line":80,"column":null}},{"start":{},"end":{}}]},"7":{"loc":{"start":{"line":66,"column":6},"end":{"line":66,"column":45}},"type":"binary-expr","locations":[{"start":{"line":66,"column":6},"end":{"line":66,"column":17}},{"start":{"line":66,"column":21},"end":{"line":66,"column":45}}]},"8":{"loc":{"start":{"line":74,"column":4},"end":{"line":79,"column":null}},"type":"if","locations":[{"start":{"line":74,"column":4},"end":{"line":79,"column":null}},{"start":{},"end":{}}]},"9":{"loc":{"start":{"line":94,"column":18},"end":{"line":100,"column":null}},"type":"cond-expr","locations":[{"start":{"line":95,"column":12},"end":{"line":99,"column":null}},{"start":{"line":100,"column":12},"end":{"line":100,"column":null}}]},"10":{"loc":{"start":{"line":146,"column":2},"end":{"line":151,"column":null}},"type":"if","locations":[{"start":{"line":146,"column":2},"end":{"line":151,"column":null}},{"start":{},"end":{}}]},"11":{"loc":{"start":{"line":175,"column":2},"end":{"line":180,"column":null}},"type":"if","locations":[{"start":{"line":175,"column":2},"end":{"line":180,"column":null}},{"start":{},"end":{}}]},"12":{"loc":{"start":{"line":190,"column":2},"end":{"line":204,"column":null}},"type":"if","locations":[{"start":{"line":190,"column":2},"end":{"line":204,"column":null}},{"start":{},"end":{}}]},"13":{"loc":{"start":{"line":190,"column":6},"end":{"line":190,"column":30}},"type":"binary-expr","locations":[{"start":{"line":190,"column":6},"end":{"line":190,"column":20}},{"start":{"line":190,"column":20},"end":{"line":190,"column":30}}]},"14":{"loc":{"start":{"line":198,"column":4},"end":{"line":203,"column":null}},"type":"if","locations":[{"start":{"line":198,"column":4},"end":{"line":203,"column":null}},{"start":{},"end":{}}]},"15":{"loc":{"start":{"line":209,"column":13},"end":{"line":209,"column":null}},"type":"cond-expr","locations":[{"start":{"line":209,"column":29},"end":{"line":209,"column":42}},{"start":{"line":209,"column":45},"end":{"line":209,"column":null}}]},"16":{"loc":{"start":{"line":212,"column":2},"end":{"line":218,"column":null}},"type":"if","locations":[{"start":{"line":212,"column":2},"end":{"line":218,"column":null}},{"start":{},"end":{}}]},"17":{"loc":{"start":{"line":223,"column":2},"end":{"line":237,"column":null}},"type":"if","locations":[{"start":{"line":223,"column":2},"end":{"line":237,"column":null}},{"start":{},"end":{}}]},"18":{"loc":{"start":{"line":231,"column":4},"end":{"line":236,"column":null}},"type":"if","locations":[{"start":{"line":231,"column":4},"end":{"line":236,"column":null}},{"start":{},"end":{}}]},"19":{"loc":{"start":{"line":240,"column":2},"end":{"line":254,"column":null}},"type":"if","locations":[{"start":{"line":240,"column":2},"end":{"line":254,"column":null}},{"start":{},"end":{}}]},"20":{"loc":{"start":{"line":240,"column":6},"end":{"line":240,"column":45}},"type":"binary-expr","locations":[{"start":{"line":240,"column":6},"end":{"line":240,"column":17}},{"start":{"line":240,"column":21},"end":{"line":240,"column":45}}]},"21":{"loc":{"start":{"line":248,"column":4},"end":{"line":253,"column":null}},"type":"if","locations":[{"start":{"line":248,"column":4},"end":{"line":253,"column":null}},{"start":{},"end":{}}]},"22":{"loc":{"start":{"line":273,"column":20},"end":{"line":273,"column":69}},"type":"cond-expr","locations":[{"start":{"line":273,"column":47},"end":{"line":273,"column":54}},{"start":{"line":273,"column":54},"end":{"line":273,"column":69}}]},"23":{"loc":{"start":{"line":274,"column":18},"end":{"line":281,"column":null}},"type":"cond-expr","locations":[{"start":{"line":275,"column":12},"end":{"line":280,"column":null}},{"start":{"line":281,"column":12},"end":{"line":281,"column":null}}]},"24":{"loc":{"start":{"line":295,"column":16},"end":{"line":295,"column":null}},"type":"cond-expr","locations":[{"start":{"line":295,"column":69},"end":{"line":295,"column":88}},{"start":{"line":295,"column":88},"end":{"line":295,"column":null}}]},"25":{"loc":{"start":{"line":295,"column":16},"end":{"line":295,"column":66}},"type":"binary-expr","locations":[{"start":{"line":295,"column":16},"end":{"line":295,"column":27}},{"start":{"line":295,"column":31},"end":{"line":295,"column":66}}]},"26":{"loc":{"start":{"line":329,"column":2},"end":{"line":334,"column":null}},"type":"if","locations":[{"start":{"line":329,"column":2},"end":{"line":334,"column":null}},{"start":{},"end":{}}]},"27":{"loc":{"start":{"line":358,"column":2},"end":{"line":363,"column":null}},"type":"if","locations":[{"start":{"line":358,"column":2},"end":{"line":363,"column":null}},{"start":{},"end":{}}]},"28":{"loc":{"start":{"line":366,"column":20},"end":{"line":366,"column":null}},"type":"binary-expr","locations":[{"start":{"line":366,"column":20},"end":{"line":366,"column":57}},{"start":{"line":366,"column":57},"end":{"line":366,"column":null}}]},"29":{"loc":{"start":{"line":368,"column":2},"end":{"line":373,"column":null}},"type":"if","locations":[{"start":{"line":368,"column":2},"end":{"line":373,"column":null}},{"start":{},"end":{}}]}},"s":{"0":4,"1":2,"2":5,"3":1,"4":1,"5":1,"6":1,"7":1,"8":4,"9":4,"10":1,"11":3,"12":3,"13":1,"14":2,"15":2,"16":2,"17":1,"18":1,"19":0,"20":0,"21":0,"22":1,"23":0,"24":0,"25":0,"26":1,"27":1,"28":0,"29":1,"30":1,"31":1,"32":1,"33":0,"34":0,"35":5,"36":5,"37":0,"38":5,"39":5,"40":1,"41":4,"42":4,"43":4,"44":1,"45":1,"46":0,"47":4,"48":4,"49":0,"50":4,"51":4,"52":1,"53":1,"54":1,"55":3,"56":1,"57":1,"58":1,"59":2,"60":2,"61":2,"62":0,"63":2,"64":2,"65":2,"66":2,"67":2,"68":0,"69":0,"70":2,"71":2,"72":0,"73":2,"74":2,"75":0,"76":2,"77":2,"78":1,"79":1,"80":1,"81":1,"82":1,"83":1,"84":1,"85":0,"86":0},"f":{"0":4,"1":0,"2":5,"3":0,"4":2},"b":{"0":[1,3],"1":[0,3],"2":[1,2],"3":[1,1],"4":[0,1],"5":[0,0],"6":[0,1],"7":[1,0],"8":[0,0],"9":[0,1],"10":[0,5],"11":[1,4],"12":[1,3],"13":[4,1],"14":[0,1],"15":[0,4],"16":[0,4],"17":[1,3],"18":[1,0],"19":[1,2],"20":[3,1],"21":[1,0],"22":[0,2],"23":[0,2],"24":[1,1],"25":[2,1],"26":[0,2],"27":[0,2],"28":[2,1],"29":[1,1]}}
,"C:\\work\\htdocs\\ai-dev-project\\ai-todo-list2\\src\\components\\common\\loading-spinner.tsx": {"path":"C:\\work\\htdocs\\ai-dev-project\\ai-todo-list2\\src\\components\\common\\loading-spinner.tsx","statementMap":{"0":{"start":{"line":15,"column":16},"end":{"line":15,"column":31}},"1":{"start":{"line":1,"column":24},"end":{"line":1,"column":null}},"2":{"start":{"line":2,"column":19},"end":{"line":2,"column":null}},"3":{"start":{"line":9,"column":20},"end":{"line":13,"column":null}}},"fnMap":{"0":{"name":"LoadingSpinner","decl":{"start":{"line":15,"column":16},"end":{"line":15,"column":31}},"loc":{"start":{"line":15,"column":78},"end":{"line":22,"column":null}}}},"branchMap":{"0":{"loc":{"start":{"line":15,"column":44},"end":{"line":15,"column":55}},"type":"default-arg","locations":[{"start":{"line":15,"column":51},"end":{"line":15,"column":55}}]}},"s":{"0":4,"1":1,"2":1,"3":1},"f":{"0":4},"b":{"0":[2]}}
,"C:\\work\\htdocs\\ai-dev-project\\ai-todo-list2\\src\\components\\features\\projects\\create-project-form.tsx": {"path":"C:\\work\\htdocs\\ai-dev-project\\ai-todo-list2\\src\\components\\features\\projects\\create-project-form.tsx","statementMap":{"0":{"start":{"line":26,"column":16},"end":{"line":26,"column":null}},"1":{"start":{"line":3,"column":25},"end":{"line":3,"column":null}},"2":{"start":{"line":4,"column":26},"end":{"line":4,"column":null}},"3":{"start":{"line":5,"column":24},"end":{"line":5,"column":null}},"4":{"start":{"line":6,"column":28},"end":{"line":6,"column":null}},"5":{"start":{"line":7,"column":69},"end":{"line":7,"column":null}},"6":{"start":{"line":8,"column":30},"end":{"line":8,"column":null}},"7":{"start":{"line":9,"column":23},"end":{"line":9,"column":null}},"8":{"start":{"line":18,"column":7},"end":{"line":18,"column":null}},"9":{"start":{"line":19,"column":22},"end":{"line":19,"column":null}},"10":{"start":{"line":20,"column":25},"end":{"line":20,"column":null}},"11":{"start":{"line":21,"column":74},"end":{"line":21,"column":null}},"12":{"start":{"line":22,"column":40},"end":{"line":22,"column":null}},"13":{"start":{"line":23,"column":26},"end":{"line":23,"column":null}},"14":{"start":{"line":24,"column":17},"end":{"line":24,"column":null}},"15":{"start":{"line":27,"column":17},"end":{"line":27,"column":null}},"16":{"start":{"line":28,"column":28},"end":{"line":28,"column":null}},"17":{"start":{"line":29,"column":42},"end":{"line":29,"column":null}},"18":{"start":{"line":31,"column":15},"end":{"line":37,"column":null}},"19":{"start":{"line":39,"column":19},"end":{"line":69,"column":null}},"20":{"start":{"line":40,"column":4},"end":{"line":40,"column":null}},"21":{"start":{"line":41,"column":4},"end":{"line":41,"column":null}},"22":{"start":{"line":43,"column":4},"end":{"line":68,"column":null}},"23":{"start":{"line":44,"column":21},"end":{"line":44,"column":null}},"24":{"start":{"line":46,"column":6},"end":{"line":62,"column":null}},"25":{"start":{"line":47,"column":8},"end":{"line":47,"column":null}},"26":{"start":{"line":48,"column":8},"end":{"line":48,"column":null}},"27":{"start":{"line":50,"column":8},"end":{"line":50,"column":null}},"28":{"start":{"line":51,"column":8},"end":{"line":61,"column":null}},"29":{"start":{"line":53,"column":10},"end":{"line":60,"column":null}},"30":{"start":{"line":54,"column":12},"end":{"line":59,"column":null}},"31":{"start":{"line":55,"column":14},"end":{"line":58,"column":null}},"32":{"start":{"line":64,"column":6},"end":{"line":64,"column":null}},"33":{"start":{"line":65,"column":6},"end":{"line":65,"column":null}},"34":{"start":{"line":67,"column":6},"end":{"line":67,"column":null}}},"fnMap":{"0":{"name":"CreateProjectForm","decl":{"start":{"line":26,"column":16},"end":{"line":26,"column":null}},"loc":{"start":{"line":26,"column":16},"end":{"line":142,"column":null}}},"1":{"name":"(anonymous_3)","decl":{"start":{"line":39,"column":19},"end":{"line":39,"column":26}},"loc":{"start":{"line":39,"column":26},"end":{"line":69,"column":null}}},"2":{"name":"(anonymous_4)","decl":{"start":{"line":53,"column":49},"end":{"line":53,"column":50}},"loc":{"start":{"line":53,"column":67},"end":{"line":60,"column":null}}}},"branchMap":{"0":{"loc":{"start":{"line":46,"column":6},"end":{"line":62,"column":null}},"type":"if","locations":[{"start":{"line":46,"column":6},"end":{"line":62,"column":null}},{"start":{"line":49,"column":13},"end":{"line":62,"column":null}}]},"1":{"loc":{"start":{"line":50,"column":17},"end":{"line":50,"column":null}},"type":"binary-expr","locations":[{"start":{"line":50,"column":17},"end":{"line":50,"column":29}},{"start":{"line":50,"column":33},"end":{"line":50,"column":null}}]},"2":{"loc":{"start":{"line":51,"column":8},"end":{"line":61,"column":null}},"type":"if","locations":[{"start":{"line":51,"column":8},"end":{"line":61,"column":null}},{"start":{},"end":{}}]},"3":{"loc":{"start":{"line":54,"column":12},"end":{"line":59,"column":null}},"type":"if","locations":[{"start":{"line":54,"column":12},"end":{"line":59,"column":null}},{"start":{},"end":{}}]},"4":{"loc":{"start":{"line":80,"column":7},"end":{"line":80,"column":null}},"type":"binary-expr","locations":[{"start":{"line":80,"column":7},"end":{"line":80,"column":null}}]},"5":{"loc":{"start":{"line":133,"column":19},"end":{"line":133,"column":null}},"type":"cond-expr","locations":[{"start":{"line":133,"column":34},"end":{"line":133,"column":45}},{"start":{"line":133,"column":45},"end":{"line":133,"column":null}}]}},"s":{"0":4,"1":1,"2":1,"3":1,"4":1,"5":1,"6":1,"7":1,"8":1,"9":1,"10":1,"11":1,"12":1,"13":1,"14":1,"15":17,"16":17,"17":17,"18":17,"19":17,"20":2,"21":2,"22":2,"23":2,"24":2,"25":1,"26":1,"27":1,"28":1,"29":0,"30":0,"31":0,"32":0,"33":0,"34":2},"f":{"0":17,"1":2,"2":0},"b":{"0":[1,1],"1":[1,0],"2":[0,1],"3":[0,0],"4":[17],"5":[0,17]}}
,"C:\\work\\htdocs\\ai-dev-project\\ai-todo-list2\\src\\components\\features\\projects\\delete-project-form.tsx": {"path":"C:\\work\\htdocs\\ai-dev-project\\ai-todo-list2\\src\\components\\features\\projects\\delete-project-form.tsx","statementMap":{"0":{"start":{"line":27,"column":16},"end":{"line":27,"column":34}},"1":{"start":{"line":3,"column":25},"end":{"line":3,"column":null}},"2":{"start":{"line":4,"column":26},"end":{"line":4,"column":null}},"3":{"start":{"line":5,"column":30},"end":{"line":5,"column":null}},"4":{"start":{"line":6,"column":23},"end":{"line":6,"column":null}},"5":{"start":{"line":16,"column":7},"end":{"line":16,"column":null}},"6":{"start":{"line":17,"column":74},"end":{"line":17,"column":null}},"7":{"start":{"line":18,"column":40},"end":{"line":18,"column":null}},"8":{"start":{"line":19,"column":34},"end":{"line":19,"column":null}},"9":{"start":{"line":20,"column":17},"end":{"line":20,"column":null}},"10":{"start":{"line":28,"column":17},"end":{"line":28,"column":null}},"11":{"start":{"line":29,"column":28},"end":{"line":29,"column":null}},"12":{"start":{"line":30,"column":38},"end":{"line":30,"column":null}},"13":{"start":{"line":31,"column":38},"end":{"line":31,"column":null}},"14":{"start":{"line":33,"column":23},"end":{"line":54,"column":null}},"15":{"start":{"line":34,"column":4},"end":{"line":34,"column":null}},"16":{"start":{"line":35,"column":4},"end":{"line":35,"column":null}},"17":{"start":{"line":37,"column":4},"end":{"line":53,"column":null}},"18":{"start":{"line":38,"column":21},"end":{"line":38,"column":null}},"19":{"start":{"line":40,"column":6},"end":{"line":46,"column":null}},"20":{"start":{"line":41,"column":8},"end":{"line":41,"column":null}},"21":{"start":{"line":42,"column":8},"end":{"line":42,"column":null}},"22":{"start":{"line":44,"column":8},"end":{"line":44,"column":null}},"23":{"start":{"line":45,"column":8},"end":{"line":45,"column":null}},"24":{"start":{"line":48,"column":6},"end":{"line":48,"column":null}},"25":{"start":{"line":49,"column":6},"end":{"line":49,"column":null}},"26":{"start":{"line":50,"column":6},"end":{"line":50,"column":null}},"27":{"start":{"line":52,"column":6},"end":{"line":52,"column":null}}},"fnMap":{"0":{"name":"DeleteProjectForm","decl":{"start":{"line":27,"column":16},"end":{"line":27,"column":34}},"loc":{"start":{"line":27,"column":69},"end":{"line":119,"column":null}}},"1":{"name":"(anonymous_3)","decl":{"start":{"line":33,"column":23},"end":{"line":33,"column":null}},"loc":{"start":{"line":33,"column":23},"end":{"line":54,"column":null}}}},"branchMap":{"0":{"loc":{"start":{"line":40,"column":6},"end":{"line":46,"column":null}},"type":"if","locations":[{"start":{"line":40,"column":6},"end":{"line":46,"column":null}},{"start":{"line":43,"column":13},"end":{"line":46,"column":null}}]},"1":{"loc":{"start":{"line":44,"column":17},"end":{"line":44,"column":null}},"type":"binary-expr","locations":[{"start":{"line":44,"column":17},"end":{"line":44,"column":29}},{"start":{"line":44,"column":33},"end":{"line":44,"column":null}}]},"2":{"loc":{"start":{"line":65,"column":7},"end":{"line":65,"column":null}},"type":"binary-expr","locations":[{"start":{"line":65,"column":7},"end":{"line":65,"column":null}}]},"3":{"loc":{"start":{"line":87,"column":13},"end":{"line":87,"column":32}},"type":"binary-expr","locations":[{"start":{"line":87,"column":13},"end":{"line":87,"column":32}}]},"4":{"loc":{"start":{"line":112,"column":15},"end":{"line":112,"column":null}},"type":"cond-expr","locations":[{"start":{"line":112,"column":28},"end":{"line":112,"column":39}},{"start":{"line":112,"column":39},"end":{"line":112,"column":null}}]}},"s":{"0":3,"1":1,"2":1,"3":1,"4":1,"5":1,"6":1,"7":1,"8":1,"9":1,"10":3,"11":3,"12":3,"13":3,"14":3,"15":0,"16":0,"17":0,"18":0,"19":0,"20":0,"21":0,"22":0,"23":0,"24":0,"25":0,"26":0,"27":0},"f":{"0":3,"1":0},"b":{"0":[0,0],"1":[0,0],"2":[3],"3":[3],"4":[0,3]}}
,"C:\\work\\htdocs\\ai-dev-project\\ai-todo-list2\\src\\components\\features\\projects\\edit-project-form.tsx": {"path":"C:\\work\\htdocs\\ai-dev-project\\ai-todo-list2\\src\\components\\features\\projects\\edit-project-form.tsx","statementMap":{"0":{"start":{"line":40,"column":16},"end":{"line":40,"column":32}},"1":{"start":{"line":3,"column":25},"end":{"line":3,"column":null}},"2":{"start":{"line":4,"column":26},"end":{"line":4,"column":null}},"3":{"start":{"line":5,"column":24},"end":{"line":5,"column":null}},"4":{"start":{"line":6,"column":28},"end":{"line":6,"column":null}},"5":{"start":{"line":10,"column":7},"end":{"line":10,"column":null}},"6":{"start":{"line":11,"column":30},"end":{"line":11,"column":null}},"7":{"start":{"line":12,"column":23},"end":{"line":12,"column":null}},"8":{"start":{"line":21,"column":7},"end":{"line":21,"column":null}},"9":{"start":{"line":22,"column":22},"end":{"line":22,"column":null}},"10":{"start":{"line":23,"column":25},"end":{"line":23,"column":null}},"11":{"start":{"line":30,"column":7},"end":{"line":30,"column":null}},"12":{"start":{"line":31,"column":40},"end":{"line":31,"column":null}},"13":{"start":{"line":32,"column":26},"end":{"line":32,"column":null}},"14":{"start":{"line":33,"column":17},"end":{"line":33,"column":null}},"15":{"start":{"line":41,"column":17},"end":{"line":41,"column":null}},"16":{"start":{"line":42,"column":28},"end":{"line":42,"column":null}},"17":{"start":{"line":43,"column":42},"end":{"line":43,"column":null}},"18":{"start":{"line":45,"column":15},"end":{"line":51,"column":null}},"19":{"start":{"line":53,"column":19},"end":{"line":83,"column":null}},"20":{"start":{"line":54,"column":4},"end":{"line":54,"column":null}},"21":{"start":{"line":55,"column":4},"end":{"line":55,"column":null}},"22":{"start":{"line":57,"column":4},"end":{"line":82,"column":null}},"23":{"start":{"line":58,"column":21},"end":{"line":58,"column":null}},"24":{"start":{"line":60,"column":6},"end":{"line":76,"column":null}},"25":{"start":{"line":61,"column":8},"end":{"line":61,"column":null}},"26":{"start":{"line":62,"column":8},"end":{"line":62,"column":null}},"27":{"start":{"line":64,"column":8},"end":{"line":64,"column":null}},"28":{"start":{"line":65,"column":8},"end":{"line":75,"column":null}},"29":{"start":{"line":67,"column":10},"end":{"line":74,"column":null}},"30":{"start":{"line":68,"column":12},"end":{"line":73,"column":null}},"31":{"start":{"line":69,"column":14},"end":{"line":72,"column":null}},"32":{"start":{"line":78,"column":6},"end":{"line":78,"column":null}},"33":{"start":{"line":79,"column":6},"end":{"line":79,"column":null}},"34":{"start":{"line":81,"column":6},"end":{"line":81,"column":null}}},"fnMap":{"0":{"name":"EditProjectForm","decl":{"start":{"line":40,"column":16},"end":{"line":40,"column":32}},"loc":{"start":{"line":40,"column":65},"end":{"line":160,"column":null}}},"1":{"name":"(anonymous_3)","decl":{"start":{"line":53,"column":19},"end":{"line":53,"column":26}},"loc":{"start":{"line":53,"column":26},"end":{"line":83,"column":null}}},"2":{"name":"(anonymous_4)","decl":{"start":{"line":67,"column":49},"end":{"line":67,"column":50}},"loc":{"start":{"line":67,"column":67},"end":{"line":74,"column":null}}}},"branchMap":{"0":{"loc":{"start":{"line":49,"column":19},"end":{"line":49,"column":null}},"type":"binary-expr","locations":[{"start":{"line":49,"column":19},"end":{"line":49,"column":38}},{"start":{"line":49,"column":42},"end":{"line":49,"column":null}}]},"1":{"loc":{"start":{"line":60,"column":6},"end":{"line":76,"column":null}},"type":"if","locations":[{"start":{"line":60,"column":6},"end":{"line":76,"column":null}},{"start":{"line":63,"column":13},"end":{"line":76,"column":null}}]},"2":{"loc":{"start":{"line":64,"column":17},"end":{"line":64,"column":null}},"type":"binary-expr","locations":[{"start":{"line":64,"column":17},"end":{"line":64,"column":29}},{"start":{"line":64,"column":33},"end":{"line":64,"column":null}}]},"3":{"loc":{"start":{"line":65,"column":8},"end":{"line":75,"column":null}},"type":"if","locations":[{"start":{"line":65,"column":8},"end":{"line":75,"column":null}},{"start":{},"end":{}}]},"4":{"loc":{"start":{"line":68,"column":12},"end":{"line":73,"column":null}},"type":"if","locations":[{"start":{"line":68,"column":12},"end":{"line":73,"column":null}},{"start":{},"end":{}}]},"5":{"loc":{"start":{"line":94,"column":7},"end":{"line":94,"column":null}},"type":"binary-expr","locations":[{"start":{"line":94,"column":7},"end":{"line":94,"column":null}}]},"6":{"loc":{"start":{"line":151,"column":19},"end":{"line":151,"column":null}},"type":"cond-expr","locations":[{"start":{"line":151,"column":34},"end":{"line":151,"column":45}},{"start":{"line":151,"column":45},"end":{"line":151,"column":null}}]}},"s":{"0":3,"1":1,"2":1,"3":1,"4":1,"5":1,"6":1,"7":1,"8":1,"9":1,"10":1,"11":1,"12":1,"13":1,"14":1,"15":10,"16":10,"17":10,"18":10,"19":10,"20":2,"21":2,"22":2,"23":2,"24":2,"25":1,"26":1,"27":1,"28":1,"29":0,"30":0,"31":0,"32":0,"33":0,"34":2},"f":{"0":10,"1":2,"2":0},"b":{"0":[10,0],"1":[1,1],"2":[1,0],"3":[0,1],"4":[0,0],"5":[10],"6":[0,10]}}
,"C:\\work\\htdocs\\ai-dev-project\\ai-todo-list2\\src\\components\\features\\projects\\project-list-with-search.tsx": {"path":"C:\\work\\htdocs\\ai-dev-project\\ai-todo-list2\\src\\components\\features\\projects\\project-list-with-search.tsx","statementMap":{"0":{"start":{"line":32,"column":16},"end":{"line":32,"column":38}},"1":{"start":{"line":3,"column":34},"end":{"line":3,"column":null}},"2":{"start":{"line":4,"column":17},"end":{"line":4,"column":null}},"3":{"start":{"line":5,"column":26},"end":{"line":5,"column":null}},"4":{"start":{"line":6,"column":23},"end":{"line":6,"column":null}},"5":{"start":{"line":7,"column":74},"end":{"line":7,"column":null}},"6":{"start":{"line":8,"column":22},"end":{"line":8,"column":null}},"7":{"start":{"line":9,"column":22},"end":{"line":9,"column":null}},"8":{"start":{"line":10,"column":23},"end":{"line":10,"column":null}},"9":{"start":{"line":11,"column":19},"end":{"line":11,"column":null}},"10":{"start":{"line":12,"column":29},"end":{"line":12,"column":null}},"11":{"start":{"line":33,"column":17},"end":{"line":33,"column":null}},"12":{"start":{"line":34,"column":44},"end":{"line":34,"column":null}},"13":{"start":{"line":37,"column":27},"end":{"line":48,"column":null}},"14":{"start":{"line":38,"column":4},"end":{"line":40,"column":null}},"15":{"start":{"line":39,"column":6},"end":{"line":39,"column":null}},"16":{"start":{"line":42,"column":20},"end":{"line":42,"column":null}},"17":{"start":{"line":43,"column":4},"end":{"line":47,"column":null}},"18":{"start":{"line":44,"column":26},"end":{"line":44,"column":null}},"19":{"start":{"line":45,"column":33},"end":{"line":45,"column":null}},"20":{"start":{"line":46,"column":6},"end":{"line":46,"column":null}},"21":{"start":{"line":70,"column":29},"end":{"line":70,"column":null}},"22":{"start":{"line":72,"column":14},"end":{"line":74,"column":null}},"23":{"start":{"line":73,"column":16},"end":{"line":73,"column":null}},"24":{"start":{"line":106,"column":12},"end":{"line":107,"column":null}},"25":{"start":{"line":113,"column":16},"end":{"line":116,"column":null}},"26":{"start":{"line":114,"column":18},"end":{"line":114,"column":null}},"27":{"start":{"line":115,"column":18},"end":{"line":115,"column":null}},"28":{"start":{"line":118,"column":29},"end":{"line":118,"column":null}}},"fnMap":{"0":{"name":"ProjectListWithSearch","decl":{"start":{"line":32,"column":16},"end":{"line":32,"column":38}},"loc":{"start":{"line":32,"column":86},"end":{"line":156,"column":null}}},"1":{"name":"(anonymous_3)","decl":{"start":{"line":37,"column":35},"end":{"line":37,"column":null}},"loc":{"start":{"line":37,"column":35},"end":{"line":48,"column":5}}},"2":{"name":"(anonymous_4)","decl":{"start":{"line":43,"column":27},"end":{"line":43,"column":28}},"loc":{"start":{"line":43,"column":28},"end":{"line":47,"column":null}}},"3":{"name":"(anonymous_5)","decl":{"start":{"line":70,"column":22},"end":{"line":70,"column":23}},"loc":{"start":{"line":70,"column":29},"end":{"line":70,"column":null}}},"4":{"name":"(anonymous_6)","decl":{"start":{"line":71,"column":23},"end":{"line":71,"column":24}},"loc":{"start":{"line":71,"column":24},"end":{"line":75,"column":null}}},"5":{"name":"(anonymous_7)","decl":{"start":{"line":105,"column":32},"end":{"line":105,"column":33}},"loc":{"start":{"line":106,"column":12},"end":{"line":107,"column":null}}},"6":{"name":"(anonymous_8)","decl":{"start":{"line":112,"column":25},"end":{"line":112,"column":26}},"loc":{"start":{"line":112,"column":26},"end":{"line":117,"column":null}}},"7":{"name":"(anonymous_9)","decl":{"start":{"line":118,"column":23},"end":{"line":118,"column":29}},"loc":{"start":{"line":118,"column":29},"end":{"line":118,"column":null}}}},"branchMap":{"0":{"loc":{"start":{"line":38,"column":4},"end":{"line":40,"column":null}},"type":"if","locations":[{"start":{"line":38,"column":4},"end":{"line":40,"column":null}},{"start":{},"end":{}}]},"1":{"loc":{"start":{"line":45,"column":33},"end":{"line":45,"column":null}},"type":"binary-expr","locations":[{"start":{"line":45,"column":33},"end":{"line":45,"column":89}},{"start":{"line":45,"column":89},"end":{"line":45,"column":null}}]},"2":{"loc":{"start":{"line":46,"column":13},"end":{"line":46,"column":null}},"type":"binary-expr","locations":[{"start":{"line":46,"column":13},"end":{"line":46,"column":28}},{"start":{"line":46,"column":28},"end":{"line":46,"column":null}}]},"3":{"loc":{"start":{"line":72,"column":14},"end":{"line":74,"column":null}},"type":"if","locations":[{"start":{"line":72,"column":14},"end":{"line":74,"column":null}},{"start":{},"end":{}}]},"4":{"loc":{"start":{"line":89,"column":8},"end":{"line":104,"column":9}},"type":"cond-expr","locations":[{"start":{"line":89,"column":8},"end":{"line":104,"column":9}}]},"5":{"loc":{"start":{"line":92,"column":15},"end":{"line":94,"column":null}},"type":"cond-expr","locations":[{"start":{"line":93,"column":18},"end":{"line":93,"column":null}},{"start":{"line":94,"column":18},"end":{"line":94,"column":null}}]},"6":{"loc":{"start":{"line":96,"column":13},"end":{"line":96,"column":null}},"type":"binary-expr","locations":[{"start":{"line":96,"column":13},"end":{"line":96,"column":null}}]},"7":{"loc":{"start":{"line":113,"column":16},"end":{"line":116,"column":null}},"type":"if","locations":[{"start":{"line":113,"column":16},"end":{"line":116,"column":null}},{"start":{},"end":{}}]},"8":{"loc":{"start":{"line":113,"c
[...]
,"C:\\work\\htdocs\\ai-dev-project\\ai-todo-list2\\src\\components\\ui\\input.tsx": {"path":"C:\\work\\htdocs\\ai-dev-project\\ai-todo-list2\\src\\components\\ui\\input.tsx","statementMap":{"0":{"start":{"line":22,"column":9},"end":{"line":22,"column":null}},"1":{"start":{"line":1,"column":23},"end":{"line":1,"column":null}},"2":{"start":{"line":3,"column":19},"end":{"line":3,"column":null}},"3":{"start":{"line":5,"column":14},"end":{"line":18,"column":null}},"4":{"start":{"line":20,"column":0},"end":{"line":20,"column":null}}},"fnMap":{"0":{"name":"(anonymous_4)","decl":{"start":{"line":6,"column":2},"end":{"line":6,"column":3}},"loc":{"start":{"line":6,"column":34},"end":{"line":18,"column":null}}}},"branchMap":{},"s":{"0":190,"1":6,"2":6,"3":6,"4":6},"f":{"0":177},"b":{}}
,"C:\\work\\htdocs\\ai-dev-project\\ai-todo-list2\\src\\components\\ui\\label.tsx": {"path":"C:\\work\\htdocs\\ai-dev-project\\ai-todo-list2\\src\\components\\ui\\label.tsx","statementMap":{"0":{"start":{"line":26,"column":9},"end":{"line":26,"column":null}},"1":{"start":{"line":3,"column":23},"end":{"line":3,"column":null}},"2":{"start":{"line":4,"column":32},"end":{"line":4,"column":null}},"3":{"start":{"line":5,"column":39},"end":{"line":5,"column":null}},"4":{"start":{"line":7,"column":19},"end":{"line":7,"column":null}},"5":{"start":{"line":9,"column":22},"end":{"line":10,"column":null}},"6":{"start":{"line":24,"column":0},"end":{"line":24,"column":null}}},"fnMap":{},"branchMap":{},"s":{"0":283,"1":6,"2":6,"3":6,"4":6,"5":6,"6":6},"f":{},"b":{}}
,"C:\\work\\htdocs\\ai-dev-project\\ai-todo-list2\\src\\components\\ui\\select.tsx": {"path":"C:\\work\\htdocs\\ai-dev-project\\ai-todo-list2\\src\\components\\ui\\select.tsx","statementMap":{"0":{"start":{"line":149,"column":2},"end":{"line":149,"column":null}},"1":{"start":{"line":153,"column":2},"end":{"line":153,"column":null}},"2":{"start":{"line":150,"column":2},"end":{"line":150,"column":null}},"3":{"start":{"line":155,"column":2},"end":{"line":155,"column":null}},"4":{"start":{"line":154,"column":2},"end":{"line":154,"column":null}},"5":{"start":{"line":158,"column":2},"end":{"line":158,"column":null}},"6":{"start":{"line":157,"column":2},"end":{"line":157,"column":null}},"7":{"start":{"line":156,"column":2},"end":{"line":156,"column":null}},"8":{"start":{"line":152,"column":2},"end":{"line":152,"column":null}},"9":{"start":{"line":151,"column":2},"end":{"line":151,"column":null}},"10":{"start":{"line":3,"column":23},"end":{"line":3,"column":null}},"11":{"start":{"line":4,"column":33},"end":{"line":4,"column":null}},"12":{"start":{"line":5,"column":46},"end":{"line":5,"column":null}},"13":{"start":{"line":7,"column":19},"end":{"line":7,"column":null}},"14":{"start":{"line":9,"column":15},"end":{"line":9,"column":35}},"15":{"start":{"line":11,"column":20},"end":{"line":11,"column":41}},"16":{"start":{"line":13,"column":20},"end":{"line":13,"column":41}},"17":{"start":{"line":33,"column":0},"end":{"line":33,"column":null}},"18":{"start":{"line":50,"column":0},"end":{"line":50,"column":null}},"19":{"start":{"line":67,"column":0},"end":{"line":68,"column":null}},"20":{"start":{"line":100,"column":0},"end":{"line":100,"column":null}},"21":{"start":{"line":112,"column":0},"end":{"line":112,"column":null}},"22":{"start":{"line":134,"column":0},"end":{"line":134,"column":null}},"23":{"start":{"line":146,"column":0},"end":{"line":146,"column":null}}},"fnMap":{},"branchMap":{"0":{"loc":{"start":{"line":73,"column":26},"end":{"line":73,"column":45}},"type":"default-arg","locations":[{"start":{"line":73,"column":37},"end":{"line":73,"column":45}}]},"1":{"loc":{"start":{"line":79,"column":8},"end":{"line":80,"column":null}},"type":"binary-expr","locations":[{"start":{"line":79,"column":8},"end":{"line":79,"column":null}},{"start":{"line":80,"column":10},"end":{"line":80,"column":null}}]},"2":{"loc":{"start":{"line":90,"column":10},"end":{"line":91,"column":null}},"type":"binary-expr","locations":[{"start":{"line":90,"column":10},"end":{"line":90,"column":null}},{"start":{"line":91,"column":12},"end":{"line":91,"column":null}}]}},"s":{"0":172,"1":172,"2":0,"3":584,"4":0,"5":0,"6":0,"7":0,"8":172,"9":172,"10":3,"11":3,"12":3,"13":3,"14":3,"15":3,"16":3,"17":3,"18":3,"19":3,"20":3,"21":3,"22":3,"23":3},"f":{},"b":{"0":[112],"1":[112,112],"2":[112,112]}}
,"C:\\work\\htdocs\\ai-dev-project\\ai-todo-list2\\src\\components\\ui\\textarea.tsx": {"path":"C:\\work\\htdocs\\ai-dev-project\\ai-todo-list2\\src\\components\\ui\\textarea.tsx","statementMap":{"0":{"start":{"line":22,"column":9},"end":{"line":22,"column":null}},"1":{"start":{"line":1,"column":23},"end":{"line":1,"column":null}},"2":{"start":{"line":3,"column":19},"end":{"line":3,"column":null}},"3":{"start":{"line":5,"column":17},"end":{"line":19,"column":null}},"4":{"start":{"line":20,"column":0},"end":{"line":20,"column":null}}},"fnMap":{"0":{"name":"(anonymous_4)","decl":{"start":{"line":8,"column":2},"end":{"line":8,"column":3}},"loc":{"start":{"line":8,"column":28},"end":{"line":19,"column":null}}}},"branchMap":{},"s":{"0":149,"1":6,"2":6,"3":6,"4":6},"f":{"0":136},"b":{}}
,"C:\\work\\htdocs\\ai-dev-project\\ai-todo-list2\\src\\dal\\projects.ts": {"path":"C:\\work\\htdocs\\ai-dev-project\\ai-todo-list2\\src\\dal\\projects.ts","statementMap":{"0":{"start":{"line":43,"column":22},"end":{"line":43,"column":37}},"1":{"start":{"line":7,"column":22},"end":{"line":7,"column":42}},"2":{"start":{"line":81,"column":22},"end":{"line":81,"column":39}},"3":{"start":{"line":1,"column":23},"end":{"line":1,"column":null}},"4":{"start":{"line":8,"column":19},"end":{"line":35,"column":null}},"5":{"start":{"line":37,"column":2},"end":{"line":37,"column":null}},"6":{"start":{"line":44,"column":18},"end":{"line":73,"column":null}},"7":{"start":{"line":75,"column":2},"end":{"line":75,"column":null}},"8":{"start":{"line":82,"column":18},"end":{"line":96,"column":null}},"9":{"start":{"line":98,"column":2},"end":{"line":98,"column":null}}},"fnMap":{"0":{"name":"getProjectsByUserId","decl":{"start":{"line":7,"column":22},"end":{"line":7,"column":42}},"loc":{"start":{"line":7,"column":56},"end":{"line":38,"column":null}}},"1":{"name":"getProjectById","decl":{"start":{"line":43,"column":22},"end":{"line":43,"column":37}},"loc":{"start":{"line":43,"column":70},"end":{"line":76,"column":null}}},"2":{"name":"hasProjectAccess","decl":{"start":{"line":81,"column":22},"end":{"line":81,"column":39}},"loc":{"start":{"line":81,"column":72},"end":{"line":99,"column":null}}}},"branchMap":{},"s":{"0":2,"1":1,"2":3,"3":1,"4":1,"5":1,"6":2,"7":2,"8":3,"9":3},"f":{"0":1,"1":2,"2":3},"b":{}}
,"C:\\work\\htdocs\\ai-dev-project\\ai-todo-list2\\src\\dal\\todos.ts": {"path":"C:\\work\\htdocs\\ai-dev-project\\ai-todo-list2\\src\\dal\\todos.ts","statementMap":{"0":{"start":{"line":67,"column":22},"end":{"line":67,"column":34}},"1":{"start":{"line":16,"column":22},"end":{"line":16,"column":39}},"2":{"start":{"line":119,"column":22},"end":{"line":119,"column":39}},"3":{"start":{"line":142,"column":22},"end":{"line":142,"column":38}},"4":{"start":{"line":1,"column":23},"end":{"line":1,"column":null}},"5":{"start":{"line":18,"column":29},"end":{"line":34,"column":null}},"6":{"start":{"line":36,"column":21},"end":{"line":36,"column":null}},"7":{"start":{"line":36,"column":51},"end":{"line":36,"column":55}},"8":{"start":{"line":39,"column":16},"end":{"line":59,"column":null}},"9":{"start":{"line":61,"column":2},"end":{"line":61,"column":null}},"10":{"start":{"line":69,"column":15},"end":{"line":111,"column":null}},"11":{"start":{"line":113,"column":2},"end":{"line":113,"column":null}},"12":{"start":{"line":120,"column":18},"end":{"line":134,"column":null}},"13":{"start":{"line":136,"column":2},"end":{"line":136,"column":null}},"14":{"start":{"line":143,"column":18},"end":{"line":157,"column":null}},"15":{"start":{"line":159,"column":2},"end":{"line":159,"column":null}}},"fnMap":{"0":{"name":"getTodosByUserId","decl":{"start":{"line":16,"column":22},"end":{"line":16,"column":39}},"loc":{"start":{"line":16,"column":73},"end":{"line":62,"column":null}}},"1":{"name":"(anonymous_6)","decl":{"start":{"line":36,"column":44},"end":{"line":36,"column":45}},"loc":{"start":{"line":36,"column":51},"end":{"line":36,"column":55}}},"2":{"name":"getTodoById","decl":{"start":{"line":67,"column":22},"end":{"line":67,"column":34}},"loc":{"start":{"line":67,"column":64},"end":{"line":114,"column":null}}},"3":{"name":"hasProjectAccess","decl":{"start":{"line":119,"column":22},"end":{"line":119,"column":39}},"loc":{"start":{"line":119,"column":72},"end":{"line":137,"column":null}}},"4":{"name":"isProjectMember","decl":{"start":{"line":142,"column":22},"end":{"line":142,"column":38}},"loc":{"start":{"line":142,"column":71},"end":{"line":160,"column":null}}}},"branchMap":{"0":{"loc":{"start":{"line":41,"column":17},"end":{"line":41,"column":null}},"type":"cond-expr","locations":[{"start":{"line":41,"column":29},"end":{"line":41,"column":41}},{"start":{"line":41,"column":41},"end":{"line":41,"column":null}}]}},"s":{"0":2,"1":2,"2":3,"3":0,"4":1,"5":2,"6":2,"7":3,"8":2,"9":2,"10":2,"11":2,"12":3,"13":3,"14":0,"15":0},"f":{"0":2,"1":3,"2":2,"3":3,"4":0},"b":{"0":[1,1]}}
,"C:\\work\\htdocs\\ai-dev-project\\ai-todo-list2\\src\\lib\\auth.ts": {"path":"C:\\work\\htdocs\\ai-dev-project\\ai-todo-list2\\src\\lib\\auth.ts","statementMap":{"0":{"start":{"line":47,"column":22},"end":{"line":47,"column":null}},"1":{"start":{"line":8,"column":22},"end":{"line":8,"column":null}},"2":{"start":{"line":1,"column":34},"end":{"line":1,"column":null}},"3":{"start":{"line":2,"column":23},"end":{"line":2,"column":null}},"4":{"start":{"line":9,"column":21},"end":{"line":9,"column":null}},"5":{"start":{"line":11,"column":2},"end":{"line":13,"column":null}},"6":{"start":{"line":12,"column":4},"end":{"line":12,"column":null}},"7":{"start":{"line":16,"column":20},"end":{"line":16,"column":null}},"8":{"start":{"line":18,"column":2},"end":{"line":20,"column":null}},"9":{"start":{"line":19,"column":4},"end":{"line":19,"column":null}},"10":{"start":{"line":23,"column":15},"end":{"line":39,"column":null}},"11":{"start":{"line":41,"column":2},"end":{"line":41,"column":null}},"12":{"start":{"line":48,"column":21},"end":{"line":48,"column":null}},"13":{"start":{"line":49,"column":2},"end":{"line":49,"column":null}}},"fnMap":{"0":{"name":"syncUser","decl":{"start":{"line":8,"column":22},"end":{"line":8,"column":null}},"loc":{"start":{"line":8,"column":22},"end":{"line":42,"column":null}}},"1":{"name":"getCurrentUserId","decl":{"start":{"line":47,"column":22},"end":{"line":47,"column":null}},"loc":{"start":{"line":47,"column":22},"end":{"line":50,"column":null}}}},"branchMap":{"0":{"loc":{"start":{"line":11,"column":2},"end":{"line":13,"column":null}},"type":"if","locations":[{"start":{"line":11,"column":2},"end":{"line":13,"column":null}},{"start":{},"end":{}}]},"1":{"loc":{"start":{"line":18,"column":2},"end":{"line":20,"column":null}},"type":"if","locations":[{"start":{"line":18,"column":2},"end":{"line":20,"column":null}},{"start":{},"end":{}}]},"2":{"loc":{"start":{"line":26,"column":13},"end":{"line":26,"column":null}},"type":"binary-expr","locations":[{"start":{"line":26,"column":13},"end":{"line":26,"column":58}},{"start":{"line":26,"column":58},"end":{"line":26,"column":null}}]},"3":{"loc":{"start":{"line":27,"column":12},"end":{"line":29,"column":null}},"type":"cond-expr","locations":[{"start":{"line":28,"column":10},"end":{"line":28,"column":56}},{"start":{"line":29,"column":10},"end":{"line":29,"column":null}}]},"4":{"loc":{"start":{"line":27,"column":12},"end":{"line":27,"column":53}},"type":"binary-expr","locations":[{"start":{"line":27,"column":12},"end":{"line":27,"column":31}},{"start":{"line":27,"column":35},"end":{"line":27,"column":53}}]},"5":{"loc":{"start":{"line":29,"column":10},"end":{"line":29,"column":null}},"type":"binary-expr","locations":[{"start":{"line":29,"column":10},"end":{"line":29,"column":29}},{"start":{"line":29,"column":33},"end":{"line":29,"column":51}},{"start":{"line":29,"column":55},"end":{"line":29,"column":73}},{"start":{"line":29,"column":77},"end":{"line":29,"column":null}}]},"6":{"loc":{"start":{"line":34,"column":13},"end":{"line":34,"column":null}},"type":"binary-expr","locations":[{"start":{"line":34,"column":13},"end":{"line":34,"column":58}},{"start":{"line":34,"column":58},"end":{"line":34,"column":null}}]},"7":{"loc":{"start":{"line":35,"column":12},"end":{"line":37,"column":null}},"type":"cond-expr","locations":[{"start":{"line":36,"column":10},"end":{"line":36,"column":56}},{"start":{"line":37,"column":10},"end":{"line":37,"column":null}}]},"8":{"loc":{"start":{"line":35,"column":12},"end":{"line":35,"column":53}},"type":"binary-expr","locations":[{"start":{"line":35,"column":12},"end":{"line":35,"column":31}},{"start":{"line":35,"column":35},"end":{"line":35,"column":53}}]},"9":{"loc":{"start":{"line":37,"column":10},"end":{"line":37,"column":null}},"type":"binary-expr","locations":[{"start":{"line":37,"column":10},"end":{"line":37,"column":29}},{"start":{"line":37,"column":33},"end":{"line":37,"column":51}},{"start":{"line":37,"column":55},"end":{"line":37,"column":73}},{"start":{"line":37,"column":77},"end":{"line":37,"column":null}}]}},"s":{"0":2,"1":0,"2":1,"3":1,"4":0,"5":0,"6":0,"7":0,"8":0,"9":0,"10":0,"11":0,"12":2,"13":2},"f":{"0":0,"1":2},"b":{"0":[0,0],"1":[0,0],"2":[0,0],"3":[0,0],"4":[0,0],"5":[0,0,0,0],"6":[0,0],"7":[0,0],"8":[0,0],"9":[0,0,0,0]}}
,"C:\\work\\htdocs\\ai-dev-project\\ai-todo-list2\\src\\lib\\prisma.ts": {"path":"C:\\work\\htdocs\\ai-dev-project\\ai-todo-list2\\src\\lib\\prisma.ts","statementMap":{"0":{"start":{"line":7,"column":13},"end":{"line":7,"column":null}},"1":{"start":{"line":1,"column":29},"end":{"line":1,"column":null}},"2":{"start":{"line":3,"column":24},"end":{"line":3,"column":null}},"3":{"start":{"line":8,"column":2},"end":{"line":11,"column":null}},"4":{"start":{"line":13,"column":0},"end":{"line":13,"column":null}},"5":{"start":{"line":13,"column":43},"end":{"line":13,"column":null}}},"fnMap":{},"branchMap":{"0":{"loc":{"start":{"line":8,"column":2},"end":{"line":11,"column":null}},"type":"binary-expr","locations":[{"start":{"line":8,"column":2},"end":{"line":8,"column":24}},{"start":{"line":9,"column":2},"end":{"line":11,"column":null}}]},"1":{"loc":{"start":{"line":10,"column":9},"end":{"line":10,"column":null}},"type":"cond-expr","locations":[{"start":{"line":10,"column":50},"end":{"line":10,"column":79}},{"start":{"line":10,"column":79},"end":{"line":10,"column":null}}]},"2":{"loc":{"start":{"line":13,"column":0},"end":{"line":13,"column":null}},"type":"if","locations":[{"start":{"line":13,"column":0},"end":{"line":13,"column":null}},{"start":{},"end":{}}]}},"s":{"0":0,"1":1,"2":1,"3":1,"4":1,"5":1},"f":{},"b":{"0":[1,1],"1":[0,1],"2":[1,0]}}
,"C:\\work\\htdocs\\ai-dev-project\\ai-todo-list2\\src\\lib\\utils.ts": {"path":"C:\\work\\htdocs\\ai-dev-project\\ai-todo-list2\\src\\lib\\utils.ts","statementMap":{"0":{"start":{"line":4,"column":16},"end":{"line":4,"column":19}},"1":{"start":{"line":1,"column":38},"end":{"line":1,"column":null}},"2":{"start":{"line":2,"column":24},"end":{"line":2,"column":null}},"3":{"start":{"line":5,"column":2},"end":{"line":5,"column":null}}},"fnMap":{"0":{"name":"cn","decl":{"start":{"line":4,"column":16},"end":{"line":4,"column":19}},"loc":{"start":{"line":4,"column":42},"end":{"line":6,"column":null}}}},"branchMap":{},"s":{"0":3501,"1":12,"2":12,"3":3501},"f":{"0":3501},"b":{}}
,"C:\\work\\htdocs\\ai-dev-project\\ai-todo-list2\\src\\lib\\validations\\comment.ts": {"path":"C:\\work\\htdocs\\ai-dev-project\\ai-todo-list2\\src\\lib\\validations\\comment.ts","statementMap":{"0":{"start":{"line":4,"column":13},"end":{"line":4,"column":39}},"1":{"start":{"line":12,"column":13},"end":{"line":12,"column":35}},"2":{"start":{"line":17,"column":13},"end":{"line":17,"column":39}},"3":{"start":{"line":24,"column":13},"end":{"line":24,"column":35}},"4":{"start":{"line":1,"column":18},"end":{"line":1,"column":null}},"5":{"start":{"line":4,"column":39},"end":{"line":7,"column":null}},"6":{"start":{"line":12,"column":35},"end":{"line":12,"column":null}},"7":{"start":{"line":17,"column":39},"end":{"line":19,"column":null}},"8":{"start":{"line":24,"column":35},"end":{"line":24,"column":null}}},"fnMap":{},"branchMap":{},"s":{"0":15,"1":7,"2":17,"3":4,"4":4,"5":4,"6":4,"7":4,"8":4},"f":{},"b":{}}
,"C:\\work\\htdocs\\ai-dev-project\\ai-todo-list2\\src\\lib\\validations\\project.ts": {"path":"C:\\work\\htdocs\\ai-dev-project\\ai-todo-list2\\src\\lib\\validations\\project.ts","statementMap":{"0":{"start":{"line":4,"column":13},"end":{"line":4,"column":39}},"1":{"start":{"line":12,"column":13},"end":{"line":12,"column":35}},"2":{"start":{"line":17,"column":13},"end":{"line":17,"column":39}},"3":{"start":{"line":25,"column":13},"end":{"line":25,"column":35}},"4":{"start":{"line":1,"column":18},"end":{"line":1,"column":null}},"5":{"start":{"line":4,"column":39},"end":{"line":7,"column":null}},"6":{"start":{"line":12,"column":35},"end":{"line":12,"column":null}},"7":{"start":{"line":17,"column":39},"end":{"line":20,"column":null}},"8":{"start":{"line":25,"column":35},"end":{"line":25,"column":null}}},"fnMap":{},"branchMap":{},"s":{"0":17,"1":7,"2":10,"3":4,"4":4,"5":4,"6":4,"7":4,"8":4},"f":{},"b":{}}
,"C:\\work\\htdocs\\ai-dev-project\\ai-todo-list2\\src\\lib\\validations\\todo.ts": {"path":"C:\\work\\htdocs\\ai-dev-project\\ai-todo-list2\\src\\lib\\validations\\todo.ts","statementMap":{"0":{"start":{"line":4,"column":13},"end":{"line":4,"column":36}},"1":{"start":{"line":16,"column":13},"end":{"line":16,"column":32}},"2":{"start":{"line":31,"column":13},"end":{"line":31,"column":36}},"3":{"start":{"line":42,"column":13},"end":{"line":42,"column":32}},"4":{"start":{"line":1,"column":18},"end":{"line":1,"column":null}},"5":{"start":{"line":4,"column":36},"end":{"line":13,"column":null}},"6":{"start":{"line":16,"column":32},"end":{"line":25,"column":null}},"7":{"start":{"line":21,"column":53},"end":{"line":21,"column":null}},"8":{"start":{"line":31,"column":36},"end":{"line":39,"column":null}},"9":{"start":{"line":42,"column":32},"end":{"line":44,"column":null}},"10":{"start":{"line":43,"column":53},"end":{"line":43,"column":null}}},"fnMap":{"0":{"name":"(anonymous_5)","decl":{"start":{"line":21,"column":43},"end":{"line":21,"column":44}},"loc":{"start":{"line":21,"column":53},"end":{"line":21,"column":null}}},"1":{"name":"(anonymous_6)","decl":{"start":{"line":43,"column":43},"end":{"line":43,"column":44}},"loc":{"start":{"line":43,"column":53},"end":{"line":43,"column":null}}}},"branchMap":{"0":{"loc":{"start":{"line":21,"column":53},"end":{"line":21,"column":null}},"type":"cond-expr","locations":[{"start":{"line":21,"column":59},"end":{"line":21,"column":75}},{"start":{"line":21,"column":75},"end":{"line":21,"column":null}}]},"1":{"loc":{"start":{"line":43,"column":53},"end":{"line":43,"column":null}},"type":"cond-expr","locations":[{"start":{"line":43,"column":59},"end":{"line":43,"column":75}},{"start":{"line":43,"column":75},"end":{"line":43,"column":null}}]}},"s":{"0":14,"1":9,"2":10,"3":7,"4":4,"5":4,"6":4,"7":9,"8":4,"9":4,"10":7},"f":{"0":9,"1":7},"b":{"0":[1,8],"1":[0,7]}}
}
