TN:
SF:src\middleware.ts
FN:9,(anonymous_3)
FNF:1
FNH:0
FNDA:0,(anonymous_3)
DA:1,0
DA:3,0
DA:9,0
DA:10,0
DA:11,0
DA:15,0
LF:6
LH:0
BRDA:10,0,0,0
BRDA:10,0,1,0
BRF:2
BRH:0
end_of_record
TN:
SF:src\app\layout.tsx
FN:11,RootLayout
FNF:1
FNH:0
FNDA:0,RootLayout
DA:2,0
DA:3,0
DA:4,0
DA:6,0
DA:11,0
LF:5
LH:0
BRF:0
BRH:0
end_of_record
TN:
SF:src\app\page.tsx
FN:5,Home
FNF:1
FNH:0
FNDA:0,Home
DA:1,0
DA:2,0
DA:3,0
DA:5,0
LF:4
LH:0
BRF:0
BRH:0
end_of_record
TN:
SF:src\app\(dashboard)\layout.tsx
FN:5,DashboardLayout
FNF:1
FNH:1
FNDA:2,DashboardLayout
DA:1,1
DA:2,1
DA:3,1
DA:5,2
DA:10,2
DA:12,2
DA:13,1
DA:17,2
LF:8
LH:8
BRDA:12,0,0,1
BRDA:12,0,1,1
BRF:2
BRH:2
end_of_record
TN:
SF:src\app\(dashboard)\projects\error.tsx
FN:8,ProjectsError
FN:15,(anonymous_2)
FNF:2
FNH:0
FNDA:0,ProjectsError
FNDA:0,(anonymous_2)
DA:3,0
DA:4,0
DA:5,0
DA:6,0
DA:8,0
DA:15,0
DA:17,0
LF:7
LH:0
BRDA:34,0,0,0
BRF:1
BRH:0
end_of_record
TN:
SF:src\app\(dashboard)\projects\loading.tsx
FN:3,ProjectsLoading
FNF:1
FNH:0
FNDA:0,ProjectsLoading
DA:1,0
DA:3,0
LF:2
LH:0
BRF:0
BRH:0
end_of_record
TN:
SF:src\app\(dashboard)\projects\page.tsx
FN:6,ProjectsPage
FNF:1
FNH:1
FNDA:2,ProjectsPage
DA:1,1
DA:2,1
DA:3,1
DA:4,1
DA:6,2
DA:7,2
DA:9,2
DA:10,1
DA:13,2
LF:9
LH:9
BRDA:9,0,0,1
BRDA:9,0,1,1
BRF:2
BRH:2
end_of_record
TN:
SF:src\app\(dashboard)\projects\[id]\delete\page.tsx
FN:12,DeleteProjectPage
FNF:1
FNH:1
FNDA:4,DeleteProjectPage
DA:1,1
DA:2,1
DA:3,1
DA:4,1
DA:12,4
DA:13,4
DA:14,4
DA:16,4
DA:17,1
DA:20,4
DA:22,4
DA:23,1
DA:27,4
DA:28,2
LF:14
LH:14
BRDA:16,0,0,1
BRDA:16,0,1,3
BRDA:22,1,0,1
BRDA:22,1,1,3
BRDA:27,2,0,2
BRDA:27,2,1,1
BRF:6
BRH:6
end_of_record
TN:
SF:src\app\(dashboard)\projects\[id]\edit\error.tsx
FN:9,ProjectEditError
FN:16,(anonymous_3)
FNF:2
FNH:0
FNDA:0,ProjectEditError
FNDA:0,(anonymous_3)
DA:3,0
DA:4,0
DA:5,0
DA:6,0
DA:7,0
DA:9,0
DA:16,0
DA:18,0
LF:8
LH:0
BRDA:35,0,0,0
BRF:1
BRH:0
end_of_record
TN:
SF:src\app\(dashboard)\projects\[id]\edit\loading.tsx
FN:3,ProjectEditLoading
FNF:1
FNH:0
FNDA:0,ProjectEditLoading
DA:1,0
DA:3,0
LF:2
LH:0
BRF:0
BRH:0
end_of_record
TN:
SF:src\app\(dashboard)\projects\[id]\edit\page.tsx
FN:12,EditProjectPage
FNF:1
FNH:1
FNDA:4,EditProjectPage
DA:1,1
DA:2,1
DA:3,1
DA:4,1
DA:12,4
DA:13,4
DA:14,4
DA:16,4
DA:17,1
DA:20,4
DA:22,4
DA:23,1
DA:27,4
DA:28,2
LF:14
LH:14
BRDA:16,0,0,1
BRDA:16,0,1,3
BRDA:22,1,0,1
BRDA:22,1,1,3
BRDA:27,2,0,2
BRDA:27,2,1,1
BRF:6
BRH:6
end_of_record
TN:
SF:src\app\(dashboard)\projects\new\page.tsx
FN:5,NewProjectPage
FNF:1
FNH:1
FNDA:2,NewProjectPage
DA:1,1
DA:2,1
DA:3,1
DA:5,2
DA:6,2
DA:8,2
DA:9,1
LF:7
LH:7
BRDA:8,0,0,1
BRDA:8,0,1,1
BRF:2
BRH:2
end_of_record
TN:
SF:src\app\(dashboard)\todos\error.tsx
FN:8,TodosError
FN:15,(anonymous_2)
FNF:2
FNH:0
FNDA:0,TodosError
FNDA:0,(anonymous_2)
DA:3,0
DA:4,0
DA:5,0
DA:6,0
DA:8,0
DA:15,0
DA:17,0
LF:7
LH:0
BRDA:34,0,0,0
BRF:1
BRH:0
end_of_record
TN:
SF:src\app\(dashboard)\todos\loading.tsx
FN:3,TodosLoading
FNF:1
FNH:0
FNDA:0,TodosLoading
DA:1,0
DA:3,0
LF:2
LH:0
BRF:0
BRH:0
end_of_record
TN:
SF:src\app\(dashboard)\todos\page.tsx
FN:6,TodosPage
FNF:1
FNH:1
FNDA:3,TodosPage
DA:1,1
DA:2,1
DA:3,1
DA:4,1
DA:6,3
DA:11,3
DA:13,3
DA:14,1
DA:17,3
LF:9
LH:9
BRDA:13,0,0,1
BRDA:13,0,1,2
BRF:2
BRH:2
end_of_record
TN:
SF:src\app\(dashboard)\todos\[id]\error.tsx
FN:9,TodoDetailError
FN:16,(anonymous_3)
FNF:2
FNH:0
FNDA:0,TodoDetailError
FNDA:0,(anonymous_3)
DA:3,0
DA:4,0
DA:5,0
DA:6,0
DA:7,0
DA:9,0
DA:16,0
DA:18,0
LF:8
LH:0
BRDA:35,0,0,0
BRF:1
BRH:0
end_of_record
TN:
SF:src\app\(dashboard)\todos\[id]\loading.tsx
FN:3,TodoDetailLoading
FNF:1
FNH:0
FNDA:0,TodoDetailLoading
DA:1,0
DA:3,0
LF:2
LH:0
BRF:0
BRH:0
end_of_record
TN:
SF:src\app\(dashboard)\todos\[id]\page.tsx
FN:12,TodoDetailPage
FNF:1
FNH:1
FNDA:3,TodoDetailPage
DA:1,1
DA:2,1
DA:3,1
DA:4,1
DA:12,3
DA:13,3
DA:14,3
DA:16,3
DA:17,1
DA:20,3
DA:22,3
DA:23,1
LF:12
LH:12
BRDA:16,0,0,1
BRDA:16,0,1,2
BRDA:22,1,0,1
BRDA:22,1,1,2
BRF:4
BRH:4
end_of_record
TN:
SF:src\app\(dashboard)\todos\[id]\delete\page.tsx
FN:12,DeleteTodoPage
FNF:1
FNH:1
FNDA:4,DeleteTodoPage
DA:1,1
DA:2,1
DA:3,1
DA:4,1
DA:12,4
DA:13,4
DA:14,4
DA:16,4
DA:17,1
DA:20,4
DA:22,4
DA:23,1
DA:27,4
DA:29,3
DA:30,2
LF:15
LH:15
BRDA:16,0,0,1
BRDA:16,0,1,3
BRDA:22,1,0,1
BRDA:22,1,1,3
BRDA:27,2,0,4
BRDA:27,2,1,2
BRDA:29,3,0,2
BRDA:29,3,1,1
BRF:8
BRH:8
end_of_record
TN:
SF:src\app\(dashboard)\todos\[id]\edit\error.tsx
FN:9,TodoEditError
FN:16,(anonymous_3)
FNF:2
FNH:0
FNDA:0,TodoEditError
FNDA:0,(anonymous_3)
DA:3,0
DA:4,0
DA:5,0
DA:6,0
DA:7,0
DA:9,0
DA:16,0
DA:18,0
LF:8
LH:0
BRDA:35,0,0,0
BRF:1
BRH:0
end_of_record
TN:
SF:src\app\(dashboard)\todos\[id]\edit\loading.tsx
FN:3,TodoEditLoading
FNF:1
FNH:0
FNDA:0,TodoEditLoading
DA:1,0
DA:3,0
LF:2
LH:0
BRF:0
BRH:0
end_of_record
TN:
SF:src\app\(dashboard)\todos\[id]\edit\page.tsx
FN:13,EditTodoPage
FNF:1
FNH:1
FNDA:3,EditTodoPage
DA:1,1
DA:2,1
DA:3,1
DA:4,1
DA:5,1
DA:13,3
DA:14,3
DA:15,3
DA:17,3
DA:18,1
DA:21,3
DA:23,3
DA:24,1
DA:30,3
DA:31,2
DA:34,2
DA:35,1
DA:36,1
DA:37,1
DA:42,2
DA:44,2
DA:45,0
LF:22
LH:21
BRDA:17,0,0,1
BRDA:17,0,1,2
BRDA:23,1,0,1
BRDA:23,1,1,2
BRDA:34,2,0,1
BRDA:34,2,1,1
BRDA:34,3,0,2
BRDA:34,3,1,1
BRDA:36,4,0,1
BRDA:36,4,1,0
BRDA:44,5,0,0
BRDA:44,5,1,2
BRF:12
BRH:10
end_of_record
TN:
SF:src\app\(dashboard)\todos\new\page.tsx
FN:6,NewTodoPage
FNF:1
FNH:1
FNDA:3,NewTodoPage
DA:1,1
DA:2,1
DA:3,1
DA:4,1
DA:6,3
DA:7,3
DA:9,3
DA:10,1
DA:13,3
DA:15,3
DA:16,1
LF:11
LH:11
BRDA:9,0,0,1
BRDA:9,0,1,2
BRDA:15,1,0,1
BRDA:15,1,1,2
BRF:4
BRH:4
end_of_record
TN:
SF:src\app\actions\comments.ts
FN:12,createComment
FN:94,updateComment
FN:166,deleteComment
FNF:3
FNH:3
FNDA:4,createComment
FNDA:2,updateComment
FNDA:2,deleteComment
DA:3,1
DA:4,1
DA:5,1
DA:6,1
DA:7,1
DA:12,4
DA:13,4
DA:15,4
DA:16,1
DA:23,3
DA:25,3
DA:26,0
DA:33,3
DA:36,3
DA:45,3
DA:46,1
DA:53,2
DA:55,2
DA:56,1
DA:62,1
DA:64,1
DA:76,1
DA:78,1
DA:83,0
DA:84,0
DA:94,2
DA:95,2
DA:97,2
DA:98,0
DA:105,2
DA:115,2
DA:116,1
DA:123,1
DA:125,1
DA:126,0
DA:133,1
DA:135,1
DA:137,1
DA:148,1
DA:150,1
DA:155,0
DA:156,0
DA:166,2
DA:167,2
DA:169,2
DA:170,0
DA:177,2
DA:184,2
DA:185,1
DA:191,1
DA:193,1
DA:198,1
DA:200,1
DA:204,0
DA:205,0
LF:55
LH:45
BRDA:15,0,0,1
BRDA:15,0,1,3
BRDA:25,1,0,0
BRDA:25,1,1,3
BRDA:45,2,0,1
BRDA:45,2,1,2
BRDA:55,3,0,1
BRDA:55,3,1,1
BRDA:97,4,0,0
BRDA:97,4,1,2
BRDA:115,5,0,1
BRDA:115,5,1,1
BRDA:125,6,0,0
BRDA:125,6,1,1
BRDA:169,7,0,0
BRDA:169,7,1,2
BRDA:184,8,0,1
BRDA:184,8,1,1
BRF:18
BRH:14
end_of_record
TN:
SF:src\app\actions\projects.ts
FN:11,createProject
FN:76,updateProject
FN:154,deleteProject
FNF:3
FNH:3
FNDA:3,createProject
FNDA:2,updateProject
FNDA:2,deleteProject
DA:3,1
DA:4,1
DA:5,1
DA:6,1
DA:11,3
DA:12,3
DA:14,3
DA:15,1
DA:22,2
DA:24,2
DA:25,1
DA:32,1
DA:34,1
DA:36,1
DA:48,1
DA:57,1
DA:58,1
DA:60,1
DA:65,0
DA:66,0
DA:76,2
DA:77,2
DA:79,2
DA:80,0
DA:87,2
DA:94,2
DA:95,1
DA:102,1
DA:104,1
DA:105,0
DA:112,1
DA:114,1
DA:116,1
DA:117,1
DA:118,1
DA:120,1
DA:121,1
DA:125,1
DA:134,1
DA:135,1
DA:136,1
DA:138,1
DA:143,0
DA:144,0
DA:154,2
DA:155,2
DA:157,2
DA:158,0
DA:165,2
DA:172,2
DA:173,1
DA:179,1
DA:181,1
DA:186,1
DA:187,1
DA:189,1
DA:193,0
DA:194,0
LF:58
LH:49
BRDA:14,0,0,1
BRDA:14,0,1,2
BRDA:24,1,0,1
BRDA:24,1,1,1
BRDA:79,2,0,0
BRDA:79,2,1,2
BRDA:94,3,0,1
BRDA:94,3,1,1
BRDA:104,4,0,0
BRDA:104,4,1,1
BRDA:117,5,0,1
BRDA:117,5,1,0
BRDA:120,6,0,1
BRDA:120,6,1,0
BRDA:121,7,0,1
BRDA:121,7,1,0
BRDA:157,8,0,0
BRDA:157,8,1,2
BRDA:172,9,0,1
BRDA:172,9,1,1
BRF:20
BRH:14
end_of_record
TN:
SF:src\app\actions\todos.ts
FN:12,createTodo
FN:96,(anonymous_5)
FN:143,updateTodo
FN:277,(anonymous_7)
FN:326,deleteTodo
FNF:5
FNH:3
FNDA:4,createTodo
FNDA:0,(anonymous_5)
FNDA:5,updateTodo
FNDA:0,(anonymous_7)
FNDA:2,deleteTodo
DA:3,1
DA:4,1
DA:5,1
DA:6,1
DA:7,1
DA:12,4
DA:13,4
DA:15,4
DA:16,1
DA:23,3
DA:28,3
DA:29,1
DA:36,2
DA:39,2
DA:41,2
DA:42,1
DA:49,1
DA:50,0
DA:57,0
DA:58,0
DA:66,1
DA:67,0
DA:74,0
DA:75,0
DA:82,1
DA:84,1
DA:96,0
DA:110,1
DA:124,1
DA:125,1
DA:127,1
DA:132,0
DA:133,0
DA:143,5
DA:144,5
DA:146,5
DA:147,0
DA:154,5
DA:175,5
DA:176,1
DA:186,4
DA:187,4
DA:190,4
DA:191,1
DA:198,1
DA:199,0
DA:207,4
DA:212,4
DA:213,0
DA:220,4
DA:223,4
DA:224,1
DA:231,1
DA:232,1
DA:240,3
DA:241,1
DA:248,1
DA:249,1
DA:256,2
DA:258,2
DA:265,2
DA:277,0
DA:291,2
DA:306,2
DA:307,2
DA:308,2
DA:310,2
DA:315,0
DA:316,0
DA:326,2
DA:327,2
DA:329,2
DA:330,0
DA:337,2
DA:358,2
DA:359,0
DA:366,2
DA:368,2
DA:369,1
DA:375,1
DA:377,1
DA:391,1
DA:396,1
DA:397,1
DA:399,1
DA:403,0
DA:404,0
LF:87
LH:68
BRDA:15,0,0,1
BRDA:15,0,1,3
BRDA:25,1,0,0
BRDA:25,1,1,3
BRDA:28,2,0,1
BRDA:28,2,1,2
BRDA:41,3,0,1
BRDA:41,3,1,1
BRDA:49,4,0,0
BRDA:49,4,1,1
BRDA:57,5,0,0
BRDA:57,5,1,0
BRDA:66,6,0,0
BRDA:66,6,1,1
BRDA:66,7,0,1
BRDA:66,7,1,0
BRDA:74,8,0,0
BRDA:74,8,1,0
BRDA:94,9,0,0
BRDA:94,9,1,1
BRDA:146,10,0,0
BRDA:146,10,1,5
BRDA:175,11,0,1
BRDA:175,11,1,4
BRDA:190,12,0,1
BRDA:190,12,1,3
BRDA:190,13,0,4
BRDA:190,13,1,1
BRDA:198,14,0,0
BRDA:198,14,1,1
BRDA:209,15,0,0
BRDA:209,15,1,4
BRDA:212,16,0,0
BRDA:212,16,1,4
BRDA:223,17,0,1
BRDA:223,17,1,3
BRDA:231,18,0,1
BRDA:231,18,1,0
BRDA:240,19,0,1
BRDA:240,19,1,2
BRDA:240,20,0,3
BRDA:240,20,1,1
BRDA:248,21,0,1
BRDA:248,21,1,0
BRDA:273,22,0,0
BRDA:273,22,1,2
BRDA:274,23,0,0
BRDA:274,23,1,2
BRDA:295,24,0,1
BRDA:295,24,1,1
BRDA:295,25,0,2
BRDA:295,25,1,1
BRDA:329,26,0,0
BRDA:329,26,1,2
BRDA:358,27,0,0
BRDA:358,27,1,2
BRDA:366,28,0,2
BRDA:366,28,1,1
BRDA:368,29,0,1
BRDA:368,29,1,1
BRF:60
BRH:41
end_of_record
TN:
SF:src\components\common\loading-spinner.tsx
FN:15,LoadingSpinner
FNF:1
FNH:1
FNDA:4,LoadingSpinner
DA:1,1
DA:2,1
DA:9,1
DA:15,4
LF:4
LH:4
BRDA:15,0,0,2
BRF:1
BRH:1
end_of_record
TN:
SF:src\components\features\projects\create-project-form.tsx
FN:26,CreateProjectForm
FN:39,(anonymous_3)
FN:53,(anonymous_4)
FNF:3
FNH:2
FNDA:17,CreateProjectForm
FNDA:2,(anonymous_3)
FNDA:0,(anonymous_4)
DA:3,1
DA:4,1
DA:5,1
DA:6,1
DA:7,1
DA:8,1
DA:9,1
DA:18,1
DA:19,1
DA:20,1
DA:21,1
DA:22,1
DA:23,1
DA:24,1
DA:26,4
DA:27,17
DA:28,17
DA:29,17
DA:31,17
DA:39,17
DA:40,2
DA:41,2
DA:43,2
DA:44,2
DA:46,2
DA:47,1
DA:48,1
DA:50,1
DA:51,1
DA:53,0
DA:54,0
DA:55,0
DA:64,0
DA:65,0
DA:67,2
LF:35
LH:30
BRDA:46,0,0,1
BRDA:46,0,1,1
BRDA:50,1,0,1
BRDA:50,1,1,0
BRDA:51,2,0,0
BRDA:51,2,1,1
BRDA:54,3,0,0
BRDA:54,3,1,0
BRDA:80,4,0,17
BRDA:133,5,0,0
BRDA:133,5,1,17
BRF:11
BRH:6
end_of_record
TN:
SF:src\components\features\projects\delete-project-form.tsx
FN:27,DeleteProjectForm
FN:33,(anonymous_3)
FNF:2
FNH:1
FNDA:3,DeleteProjectForm
FNDA:0,(anonymous_3)
DA:3,1
DA:4,1
DA:5,1
DA:6,1
DA:16,1
DA:17,1
DA:18,1
DA:19,1
DA:20,1
DA:27,3
DA:28,3
DA:29,3
DA:30,3
DA:31,3
DA:33,3
DA:34,0
DA:35,0
DA:37,0
DA:38,0
DA:40,0
DA:41,0
DA:42,0
DA:44,0
DA:45,0
DA:48,0
DA:49,0
DA:50,0
DA:52,0
LF:28
LH:15
BRDA:40,0,0,0
BRDA:40,0,1,0
BRDA:44,1,0,0
BRDA:44,1,1,0
BRDA:65,2,0,3
BRDA:87,3,0,3
BRDA:112,4,0,0
BRDA:112,4,1,3
BRF:8
BRH:3
end_of_record
TN:
SF:src\components\features\projects\edit-project-form.tsx
FN:40,EditProjectForm
FN:53,(anonymous_3)
FN:67,(anonymous_4)
FNF:3
FNH:2
FNDA:10,EditProjectForm
FNDA:2,(anonymous_3)
FNDA:0,(anonymous_4)
DA:3,1
DA:4,1
DA:5,1
DA:6,1
DA:10,1
DA:11,1
DA:12,1
DA:21,1
DA:22,1
DA:23,1
DA:30,1
DA:31,1
DA:32,1
DA:33,1
DA:40,3
DA:41,10
DA:42,10
DA:43,10
DA:45,10
DA:53,10
DA:54,2
DA:55,2
DA:57,2
DA:58,2
DA:60,2
DA:61,1
DA:62,1
DA:64,1
DA:65,1
DA:67,0
DA:68,0
DA:69,0
DA:78,0
DA:79,0
DA:81,2
LF:35
LH:30
BRDA:49,0,0,10
BRDA:49,0,1,0
BRDA:60,1,0,1
BRDA:60,1,1,1
BRDA:64,2,0,1
BRDA:64,2,1,0
BRDA:65,3,0,0
BRDA:65,3,1,1
BRDA:68,4,0,0
BRDA:68,4,1,0
BRDA:94,5,0,10
BRDA:151,6,0,0
BRDA:151,6,1,10
BRF:13
BRH:7
end_of_record
TN:
SF:src\components\features\projects\project-list-with-search.tsx
FN:32,ProjectListWithSearch
FN:37,(anonymous_3)
FN:43,(anonymous_4)
FN:70,(anonymous_5)
FN:71,(anonymous_6)
FN:105,(anonymous_7)
FN:112,(anonymous_8)
FN:118,(anonymous_9)
FNF:8
FNH:6
FNDA:12,ProjectListWithSearch
FNDA:12,(anonymous_3)
FNDA:18,(anonymous_4)
FNDA:9,(anonymous_5)
FNDA:9,(anonymous_6)
FNDA:21,(anonymous_7)
FNDA:0,(anonymous_8)
FNDA:0,(anonymous_9)
DA:3,1
DA:4,1
DA:5,1
DA:6,1
DA:7,1
DA:8,1
DA:9,1
DA:10,1
DA:11,1
DA:12,1
DA:32,3
DA:33,12
DA:34,12
DA:37,12
DA:38,12
DA:39,3
DA:42,9
DA:43,9
DA:44,18
DA:45,18
DA:46,18
DA:70,9
DA:72,9
DA:73,0
DA:106,21
DA:113,0
DA:114,0
DA:115,0
DA:118,0
LF:29
LH:24
BRDA:38,0,0,3
BRDA:38,0,1,9
BRDA:45,1,0,18
BRDA:45,1,1,16
BRDA:46,2,0,18
BRDA:46,2,1,1
BRDA:72,3,0,0
BRDA:72,3,1,9
BRDA:89,4,0,1
BRDA:92,5,0,1
BRDA:92,5,1,0
BRDA:96,6,0,1
BRDA:113,7,0,0
BRDA:113,7,1,0
BRDA:113,8,0,0
BRDA:113,8,1,0
BRDA:123,9,0,21
BRDA:125,10,0,21
BRDA:134,11,0,21
BRDA:134,11,1,0
BRF:20
BRH:13
end_of_record
TN:
SF:src\components\features\todos\comment-form.tsx
FN:24,CommentForm
FN:37,(anonymous_2)
FN:51,(anonymous_3)
FNF:3
FNH:2
FNDA:15,CommentForm
FNDA:2,(anonymous_2)
FNDA:0,(anonymous_3)
DA:3,1
DA:4,1
DA:5,1
DA:6,1
DA:7,1
DA:8,1
DA:15,1
DA:16,1
DA:17,1
DA:18,1
DA:24,4
DA:25,15
DA:26,15
DA:27,15
DA:29,15
DA:37,15
DA:38,2
DA:39,2
DA:41,2
DA:42,2
DA:44,2
DA:45,1
DA:46,1
DA:48,1
DA:49,1
DA:51,0
DA:52,0
DA:53,0
DA:62,0
DA:63,0
DA:65,2
LF:31
LH:26
BRDA:44,0,0,1
BRDA:44,0,1,1
BRDA:48,1,0,1
BRDA:48,1,1,0
BRDA:49,2,0,0
BRDA:49,2,1,1
BRDA:52,3,0,0
BRDA:52,3,1,0
BRDA:71,4,0,15
BRDA:97,5,0,0
BRDA:97,5,1,15
BRF:11
BRH:6
end_of_record
TN:
SF:src\components\features\todos\comment-item.tsx
FN:41,CommentItem
FN:59,(anonymous_2)
FN:72,(anonymous_3)
FN:90,(anonymous_4)
FN:143,(anonymous_6)
FN:190,(anonymous_7)
FN:199,(anonymous_8)
FNF:7
FNH:5
FNDA:17,CommentItem
FNDA:1,(anonymous_2)
FNDA:0,(anonymous_3)
FNDA:1,(anonymous_4)
FNDA:0,(anonymous_6)
FNDA:1,(anonymous_7)
FNDA:1,(anonymous_8)
DA:3,1
DA:4,1
DA:5,1
DA:6,1
DA:7,1
DA:8,1
DA:9,1
DA:16,1
DA:17,1
DA:18,1
DA:19,1
DA:20,1
DA:21,1
DA:31,1
DA:41,5
DA:42,17
DA:43,17
DA:44,17
DA:45,17
DA:46,17
DA:47,17
DA:49,17
DA:56,17
DA:57,17
DA:59,17
DA:60,1
DA:61,1
DA:63,1
DA:64,1
DA:66,1
DA:67,1
DA:68,1
DA:70,0
DA:71,0
DA:72,0
DA:73,0
DA:74,0
DA:83,0
DA:84,0
DA:86,1
DA:90,17
DA:91,1
DA:92,1
DA:94,1
DA:95,1
DA:97,1
DA:98,1
DA:100,0
DA:101,0
DA:104,0
DA:105,0
DA:106,0
DA:108,1
DA:112,17
DA:144,0
DA:145,0
DA:146,0
DA:190,1
DA:199,1
LF:59
LH:44
BRDA:66,0,0,1
BRDA:66,0,1,0
BRDA:70,1,0,0
BRDA:70,1,1,0
BRDA:71,2,0,0
BRDA:71,2,1,0
BRDA:73,3,0,0
BRDA:73,3,1,0
BRDA:97,4,0,1
BRDA:97,4,1,0
BRDA:100,5,0,0
BRDA:100,5,1,0
BRDA:112,6,0,3
BRDA:112,6,1,14
BRDA:115,7,0,3
BRDA:154,8,0,0
BRDA:154,8,1,3
BRDA:165,9,0,14
BRDA:173,10,0,14
BRDA:173,10,1,0
BRDA:179,11,0,14
BRDA:184,12,0,14
BRDA:184,12,1,2
BRDA:186,13,0,12
BRDA:195,14,0,12
BRDA:224,15,0,1
BRDA:224,15,1,13
BRF:27
BRH:15
end_of_record
TN:
SF:src\components\features\todos\create-todo-form.tsx
FN:43,CreateTodoForm
FN:62,(anonymous_3)
FN:64,(anonymous_4)
FN:78,(anonymous_5)
FN:212,(anonymous_11)
FN:237,(anonymous_13)
FN:269,(anonymous_15)
FNF:7
FNH:4
FNDA:14,CreateTodoForm
FNDA:14,(anonymous_3)
FNDA:2,(anonymous_4)
FNDA:0,(anonymous_5)
FNDA:0,(anonymous_11)
FNDA:16,(anonymous_13)
FNDA:0,(anonymous_15)
DA:3,1
DA:4,1
DA:5,1
DA:6,1
DA:7,1
DA:8,1
DA:9,1
DA:18,1
DA:19,1
DA:20,1
DA:27,1
DA:28,1
DA:29,1
DA:30,1
DA:31,1
DA:43,3
DA:44,14
DA:45,14
DA:46,14
DA:48,14
DA:61,14
DA:62,14
DA:64,14
DA:65,2
DA:66,2
DA:68,2
DA:69,2
DA:71,2
DA:72,1
DA:73,1
DA:75,1
DA:76,1
DA:78,0
DA:79,0
DA:80,0
DA:89,0
DA:90,0
DA:92,2
DA:213,0
DA:214,0
DA:238,16
DA:270,0
LF:42
LH:34
BRDA:55,0,0,14
BRDA:55,0,1,0
BRDA:71,1,0,1
BRDA:71,1,1,1
BRDA:75,2,0,1
BRDA:75,2,1,0
BRDA:76,3,0,0
BRDA:76,3,1,1
BRDA:79,4,0,0
BRDA:79,4,1,0
BRDA:105,5,0,14
BRDA:211,6,0,0
BRDA:211,6,1,16
BRDA:214,7,0,0
BRDA:214,7,1,0
BRDA:250,8,0,14
BRDA:250,8,1,14
BRDA:288,9,0,0
BRDA:288,9,1,14
BRF:19
BRH:10
end_of_record
TN:
SF:src\components\features\todos\delete-todo-form.tsx
FN:27,DeleteTodoForm
FN:33,(anonymous_3)
FNF:2
FNH:1
FNDA:3,DeleteTodoForm
FNDA:0,(anonymous_3)
DA:3,1
DA:4,1
DA:5,1
DA:6,1
DA:16,1
DA:17,1
DA:18,1
DA:19,1
DA:20,1
DA:27,3
DA:28,3
DA:29,3
DA:30,3
DA:31,3
DA:33,3
DA:34,0
DA:35,0
DA:37,0
DA:38,0
DA:40,0
DA:41,0
DA:42,0
DA:44,0
DA:45,0
DA:48,0
DA:49,0
DA:50,0
DA:52,0
LF:28
LH:15
BRDA:40,0,0,0
BRDA:40,0,1,0
BRDA:44,1,0,0
BRDA:44,1,1,0
BRDA:65,2,0,3
BRDA:87,3,0,3
BRDA:112,4,0,0
BRDA:112,4,1,3
BRF:8
BRH:3
end_of_record
TN:
SF:src\components\features\todos\edit-todo-form.tsx
FN:54,EditTodoForm
FN:70,(anonymous_3)
FN:74,(anonymous_4)
FN:88,(anonymous_5)
FN:236,(anonymous_11)
FN:260,(anonymous_13)
FN:273,(anonymous_14)
FNF:7
FNH:2
FNDA:10,EditTodoForm
FNDA:0,(anonymous_3)
FNDA:2,(anonymous_4)
FNDA:0,(anonymous_5)
FNDA:0,(anonymous_11)
FNDA:0,(anonymous_13)
FNDA:0,(anonymous_14)
DA:3,1
DA:4,1
DA:5,1
DA:6,1
DA:10,1
DA:11,1
DA:12,1
DA:21,1
DA:22,1
DA:23,1
DA:30,1
DA:37,1
DA:38,1
DA:39,1
DA:40,1
DA:54,3
DA:55,10
DA:56,10
DA:57,10
DA:59,10
DA:70,0
DA:74,10
DA:75,2
DA:76,2
DA:78,2
DA:79,2
DA:81,2
DA:82,1
DA:83,1
DA:85,1
DA:86,1
DA:88,0
DA:89,0
DA:90,0
DA:99,0
DA:100,0
DA:102,2
DA:237,0
DA:238,0
DA:261,0
DA:274,0
LF:41
LH:31
BRDA:63,0,0,10
BRDA:63,0,1,0
BRDA:65,1,0,10
BRDA:65,1,1,0
BRDA:66,2,0,0
BRDA:66,2,1,10
BRDA:69,3,0,10
BRDA:69,3,1,10
BRDA:81,4,0,1
BRDA:81,4,1,1
BRDA:85,5,0,1
BRDA:85,5,1,0
BRDA:86,6,0,0
BRDA:86,6,1,1
BRDA:89,7,0,0
BRDA:89,7,1,0
BRDA:115,8,0,10
BRDA:232,9,0,0
BRDA:232,9,1,12
BRDA:239,10,0,0
BRDA:239,10,1,0
BRDA:252,11,0,10
BRDA:261,12,0,0
BRDA:261,12,1,0
BRDA:263,13,0,0
BRDA:263,13,1,0
BRDA:264,14,0,0
BRDA:264,14,1,0
BRDA:294,15,0,0
BRDA:294,15,1,10
BRF:30
BRH:13
end_of_record
TN:
SF:src\components\features\todos\todo-detail.tsx
FN:21,TodoDetail
FN:22,(anonymous_3)
FN:35,(anonymous_4)
FN:48,(anonymous_5)
FN:61,(anonymous_6)
FN:74,(anonymous_7)
FN:165,(anonymous_8)
FN:208,(anonymous_9)
FN:227,(anonymous_10)
FNF:9
FNH:0
FNDA:0,TodoDetail
FNDA:0,(anonymous_3)
FNDA:0,(anonymous_4)
FNDA:0,(anonymous_5)
FNDA:0,(anonymous_6)
FNDA:0,(anonymous_7)
FNDA:0,(anonymous_8)
FNDA:0,(anonymous_9)
FNDA:0,(anonymous_10)
DA:1,0
DA:2,0
DA:3,0
DA:4,0
DA:5,0
DA:6,0
DA:7,0
DA:10,0
DA:11,0
DA:21,0
DA:22,0
DA:23,0
DA:25,0
DA:27,0
DA:29,0
DA:31,0
DA:35,0
DA:36,0
DA:38,0
DA:40,0
DA:42,0
DA:44,0
DA:48,0
DA:49,0
DA:51,0
DA:53,0
DA:55,0
DA:57,0
DA:61,0
DA:62,0
DA:64,0
DA:66,0
DA:68,0
DA:70,0
DA:74,0
DA:75,0
DA:77,0
DA:79,0
DA:81,0
DA:83,0
DA:85,0
DA:93,0
DA:95,0
DA:166,0
DA:209,0
DA:228,0
LF:46
LH:0
BRDA:23,0,0,0
BRDA:23,0,1,0
BRDA:23,0,2,0
BRDA:23,0,3,0
BRDA:36,1,0,0
BRDA:36,1,1,0
BRDA:36,1,2,0
BRDA:36,1,3,0
BRDA:49,2,0,0
BRDA:49,2,1,0
BRDA:49,2,2,0
BRDA:49,2,3,0
BRDA:62,3,0,0
BRDA:62,3,1,0
BRDA:62,3,2,0
BRDA:62,3,3,0
BRDA:75,4,0,0
BRDA:75,4,1,0
BRDA:75,4,2,0
BRDA:75,4,3,0
BRDA:75,4,4,0
BRDA:95,5,0,0
BRDA:95,5,1,0
BRDA:107,6,0,0
BRDA:115,7,0,0
BRDA:136,8,0,0
BRDA:146,9,0,0
BRDA:155,10,0,0
BRDA:161,11,0,0
BRDA:176,12,0,0
BRDA:176,12,1,0
BRDA:205,13,0,0
BRDA:205,13,1,0
BRDA:220,14,0,0
BRDA:233,15,0,0
BRDA:233,15,1,0
BRDA:242,16,0,0
BRDA:244,17,0,0
BRDA:244,17,1,0
BRF:39
BRH:0
end_of_record
TN:
SF:src\components\features\todos\todo-list-with-filters.tsx
FN:24,TodoListWithFilters
FN:34,(anonymous_3)
FN:36,(anonymous_4)
FN:41,(anonymous_5)
FN:42,(anonymous_6)
FN:47,(anonymous_7)
FN:49,(anonymous_8)
FN:50,(anonymous_9)
FN:54,(anonymous_10)
FN:55,(anonymous_11)
FN:55,(anonymous_12)
FN:56,(anonymous_13)
FN:62,(anonymous_14)
FN:63,(anonymous_15)
FN:95,(anonymous_16)
FN:105,(anonymous_17)
FN:118,(anonymous_18)
FN:131,(anonymous_19)
FN:144,(anonymous_20)
FN:180,(anonymous_21)
FN:181,(anonymous_22)
FN:200,(anonymous_23)
FN:214,(anonymous_24)
FN:234,(anonymous_25)
FN:251,(anonymous_26)
FN:277,(anonymous_27)
FN:293,(anonymous_28)
FN:316,(anonymous_29)
FN:336,(anonymous_30)
FN:367,(anonymous_31)
FN:374,(anonymous_32)
FN:380,(anonymous_33)
FN:415,(anonymous_34)
FNF:33
FNH:14
FNDA:25,TodoListWithFilters
FNDA:6,(anonymous_3)
FNDA:10,(anonymous_4)
FNDA:0,(anonymous_5)
FNDA:0,(anonymous_6)
FNDA:6,(anonymous_7)
FNDA:10,(anonymous_8)
FNDA:0,(anonymous_9)
FNDA:0,(anonymous_10)
FNDA:0,(anonymous_11)
FNDA:0,(anonymous_12)
FNDA:0,(anonymous_13)
FNDA:25,(anonymous_14)
FNDA:48,(anonymous_15)
FNDA:0,(anonymous_16)
FNDA:46,(anonymous_17)
FNDA:46,(anonymous_18)
FNDA:46,(anonymous_19)
FNDA:46,(anonymous_20)
FNDA:19,(anonymous_21)
FNDA:19,(anonymous_22)
FNDA:0,(anonymous_23)
FNDA:0,(anonymous_24)
FNDA:0,(anonymous_25)
FNDA:0,(anonymous_26)
FNDA:0,(anonymous_27)
FNDA:0,(anonymous_28)
FNDA:0,(anonymous_29)
FNDA:0,(anonymous_30)
FNDA:46,(anonymous_31)
FNDA:0,(anonymous_32)
FNDA:0,(anonymous_33)
FNDA:0,(anonymous_34)
DA:3,1
DA:4,1
DA:5,1
DA:6,1
DA:7,1
DA:8,1
DA:9,1
DA:10,1
DA:11,1
DA:12,1
DA:13,1
DA:14,1
DA:24,6
DA:25,25
DA:26,25
DA:27,25
DA:28,25
DA:29,25
DA:30,25
DA:31,25
DA:34,25
DA:35,6
DA:36,6
DA:37,10
DA:38,0
DA:41,6
DA:42,0
DA:43,0
DA:47,25
DA:48,6
DA:49,6
DA:50,10
DA:51,0
DA:54,6
DA:55,0
DA:56,0
DA:57,0
DA:62,25
DA:63,25
DA:65,48
DA:66,38
DA:67,38
DA:68,38
DA:69,38
DA:70,2
DA:75,46
DA:76,0
DA:80,46
DA:81,0
DA:82,0
DA:87,46
DA:88,0
DA:89,0
DA:94,46
DA:95,0
DA:96,0
DA:97,0
DA:101,46
DA:105,25
DA:106,46
DA:108,24
DA:110,22
DA:112,0
DA:114,0
DA:118,25
DA:119,46
DA:121,24
DA:123,22
DA:125,0
DA:127,0
DA:131,25
DA:132,46
DA:134,24
DA:136,22
DA:138,0
DA:140,0
DA:144,25
DA:145,46
DA:147,24
DA:149,22
DA:151,0
DA:153,0
DA:180,19
DA:182,19
DA:183,0
DA:200,0
DA:214,0
DA:235,0
DA:252,0
DA:277,0
DA:293,0
DA:317,0
DA:337,0
DA:368,46
DA:375,0
DA:376,0
DA:377,0
DA:380,0
DA:416,0
LF:99
LH:62
BRDA:37,0,0,0
BRDA:37,0,1,10
BRDA:43,1,0,0
BRDA:43,1,1,0
BRDA:57,2,0,0
BRDA:57,2,1,0
BRDA:65,3,0,38
BRDA:65,3,1,10
BRDA:68,4,0,38
BRDA:68,4,1,11
BRDA:69,5,0,2
BRDA:69,5,1,36
BRDA:69,6,0,38
BRDA:69,6,1,25
BRDA:75,7,0,0
BRDA:75,7,1,46
BRDA:75,8,0,46
BRDA:75,8,1,0
BRDA:80,9,0,0
BRDA:80,9,1,46
BRDA:81,10,0,0
BRDA:81,10,1,0
BRDA:81,11,0,0
BRDA:81,11,1,0
BRDA:87,12,0,0
BRDA:87,12,1,46
BRDA:88,13,0,0
BRDA:88,13,1,0
BRDA:88,14,0,0
BRDA:88,14,1,0
BRDA:94,15,0,0
BRDA:94,15,1,46
BRDA:96,16,0,0
BRDA:96,16,1,0
BRDA:106,17,0,24
BRDA:106,17,1,22
BRDA:106,17,2,0
BRDA:106,17,3,0
BRDA:119,18,0,24
BRDA:119,18,1,22
BRDA:119,18,2,0
BRDA:119,18,3,0
BRDA:132,19,0,24
BRDA:132,19,1,22
BRDA:132,19,2,0
BRDA:132,19,3,0
BRDA:145,20,0,24
BRDA:145,20,1,22
BRDA:145,20,2,0
BRDA:145,20,3,0
BRDA:182,21,0,0
BRDA:182,21,1,19
BRDA:227,22,0,25
BRDA:244,23,0,25
BRDA:307,24,0,25
BRDA:327,25,0,25
BRDA:353,26,0,1
BRDA:356,27,0,1
BRDA:356,27,1,0
BRDA:358,28,0,1
BRDA:375,29,0,0
BRDA:375,29,1,0
BRDA:375,30,0,0
BRDA:375,30,1,0
BRDA:389,31,0,46
BRDA:403,32,0,46
BRDA:408,33,0,46
BRDA:413,34,0,46
BRF:68
BRH:34
end_of_record
TN:
SF:src\components\layouts\header.tsx
FN:4,Header
FNF:1
FNH:1
FNDA:2,Header
DA:1,1
DA:2,1
DA:4,2
LF:3
LH:3
BRF:0
BRH:0
end_of_record
TN:
SF:src\components\ui\alert-dialog.tsx
FNF:0
FNH:0
DA:3,3
DA:4,3
DA:6,3
DA:7,3
DA:9,3
DA:11,3
DA:13,3
DA:28,3
DA:46,3
DA:60,3
DA:74,3
DA:86,3
DA:98,3
DA:111,3
DA:127,3
DA:130,20
DA:131,0
DA:132,0
DA:133,0
DA:134,20
DA:135,20
DA:136,20
DA:137,20
DA:138,20
DA:139,20
DA:140,20
LF:26
LH:23
BRF:0
BRH:0
end_of_record
TN:
SF:src\components\ui\alert.tsx
FNF:0
FNH:0
DA:1,8
DA:2,8
DA:4,8
DA:6,8
DA:33,8
DA:45,8
DA:57,8
DA:59,5
LF:8
LH:8
BRF:0
BRH:0
end_of_record
TN:
SF:src\components\ui\badge.tsx
FN:30,Badge
FNF:1
FNH:1
FNDA:113,Badge
DA:1,2
DA:2,2
DA:4,2
DA:6,2
DA:36,113
LF:5
LH:5
BRF:0
BRH:0
end_of_record
TN:
SF:src\components\ui\button.tsx
FN:44,(anonymous_6)
FNF:1
FNH:1
FNDA:335,(anonymous_6)
DA:1,10
DA:2,10
DA:3,10
DA:5,10
DA:7,10
DA:43,10
DA:45,335
DA:55,10
DA:57,335
LF:9
LH:9
BRDA:44,0,0,121
BRDA:45,1,0,214
BRDA:45,1,1,121
BRF:3
BRH:3
end_of_record
TN:
SF:src\components\ui\card.tsx
FNF:0
FNH:0
DA:1,8
DA:3,8
DA:18,8
DA:30,8
DA:42,8
DA:54,8
DA:62,8
DA:74,8
DA:76,126
LF:9
LH:9
BRF:0
BRH:0
end_of_record
TN:
SF:src\components\ui\dialog.tsx
FNF:0
FNH:0
DA:3,1
DA:4,1
DA:5,1
DA:7,1
DA:9,1
DA:11,1
DA:13,1
DA:15,1
DA:30,1
DA:54,1
DA:68,1
DA:82,1
DA:97,1
DA:109,1
DA:112,25
DA:113,0
DA:114,0
DA:115,25
DA:116,0
DA:117,25
DA:118,25
DA:119,0
DA:120,25
DA:121,0
LF:24
LH:19
BRF:0
BRH:0
end_of_record
TN:
SF:src\components\ui\form.tsx
FN:29,(anonymous_12)
FN:42,(anonymous_13)
FN:78,(anonymous_14)
FN:92,(anonymous_15)
FN:109,(anonymous_16)
FN:131,(anonymous_17)
FN:148,(anonymous_18)
FNF:7
FNH:7
FNDA:206,(anonymous_12)
FNDA:1194,(anonymous_13)
FNDA:338,(anonymous_14)
FNDA:283,(anonymous_15)
FNDA:338,(anonymous_16)
FNDA:235,(anonymous_17)
FNDA:338,(anonymous_18)
DA:3,6
DA:5,6
DA:13,6
DA:15,6
DA:16,6
DA:18,6
DA:27,6
DA:29,6
DA:42,6
DA:43,1194
DA:44,1194
DA:45,1194
DA:47,1194
DA:48,0
DA:51,1194
DA:52,0
DA:55,1194
DA:57,1194
DA:59,1194
DA:73,6
DA:75,6
DA:79,338
DA:87,6
DA:89,6
DA:93,283
DA:104,6
DA:106,6
DA:110,338
DA:126,6
DA:128,6
DA:132,235
DA:143,6
DA:145,6
DA:149,338
DA:150,338
DA:152,338
DA:153,336
DA:167,6
DA:170,0
DA:171,69
DA:172,374
DA:173,315
DA:174,374
DA:175,259
DA:176,374
DA:177,206
LF:46
LH:43
BRDA:47,0,0,0
BRDA:47,0,1,1194
BRDA:51,1,0,0
BRDA:51,1,1,1194
BRDA:98,2,0,283
BRDA:98,2,1,1
BRDA:117,3,0,336
BRDA:117,3,1,2
BRDA:150,4,0,2
BRDA:150,4,1,336
BRDA:150,5,0,2
BRDA:150,5,1,0
BRDA:152,6,0,336
BRDA:152,6,1,2
BRF:14
BRH:11
end_of_record
TN:
SF:src\components\ui\input.tsx
FN:6,(anonymous_4)
FNF:1
FNH:1
FNDA:177,(anonymous_4)
DA:1,6
DA:3,6
DA:5,6
DA:20,6
DA:22,190
LF:5
LH:5
BRF:0
BRH:0
end_of_record
TN:
SF:src\components\ui\label.tsx
FNF:0
FNH:0
DA:3,6
DA:4,6
DA:5,6
DA:7,6
DA:9,6
DA:24,6
DA:26,283
LF:7
LH:7
BRF:0
BRH:0
end_of_record
TN:
SF:src\components\ui\select.tsx
FNF:0
FNH:0
DA:3,3
DA:4,3
DA:5,3
DA:7,3
DA:9,3
DA:11,3
DA:13,3
DA:33,3
DA:50,3
DA:67,3
DA:100,3
DA:112,3
DA:134,3
DA:146,3
DA:149,172
DA:150,0
DA:151,172
DA:152,172
DA:153,172
DA:154,0
DA:155,584
DA:156,0
DA:157,0
DA:158,0
LF:24
LH:19
BRDA:73,0,0,112
BRDA:79,1,0,112
BRDA:79,1,1,112
BRDA:90,2,0,112
BRDA:90,2,1,112
BRF:5
BRH:5
end_of_record
TN:
SF:src\components\ui\textarea.tsx
FN:8,(anonymous_4)
FNF:1
FNH:1
FNDA:136,(anonymous_4)
DA:1,6
DA:3,6
DA:5,6
DA:20,6
DA:22,149
LF:5
LH:5
BRF:0
BRH:0
end_of_record
TN:
SF:src\dal\projects.ts
FN:7,getProjectsByUserId
FN:43,getProjectById
FN:81,hasProjectAccess
FNF:3
FNH:3
FNDA:1,getProjectsByUserId
FNDA:2,getProjectById
FNDA:3,hasProjectAccess
DA:1,1
DA:7,1
DA:8,1
DA:37,1
DA:43,2
DA:44,2
DA:75,2
DA:81,3
DA:82,3
DA:98,3
LF:10
LH:10
BRF:0
BRH:0
end_of_record
TN:
SF:src\dal\todos.ts
FN:16,getTodosByUserId
FN:36,(anonymous_6)
FN:67,getTodoById
FN:119,hasProjectAccess
FN:142,isProjectMember
FNF:5
FNH:4
FNDA:2,getTodosByUserId
FNDA:3,(anonymous_6)
FNDA:2,getTodoById
FNDA:3,hasProjectAccess
FNDA:0,isProjectMember
DA:1,1
DA:16,2
DA:18,2
DA:36,3
DA:39,2
DA:61,2
DA:67,2
DA:69,2
DA:113,2
DA:119,3
DA:120,3
DA:136,3
DA:142,0
DA:143,0
DA:159,0
LF:15
LH:12
BRDA:41,0,0,1
BRDA:41,0,1,1
BRF:2
BRH:2
end_of_record
TN:
SF:src\lib\auth.ts
FN:8,syncUser
FN:47,getCurrentUserId
FNF:2
FNH:1
FNDA:0,syncUser
FNDA:2,getCurrentUserId
DA:1,1
DA:2,1
DA:8,0
DA:9,0
DA:11,0
DA:12,0
DA:16,0
DA:18,0
DA:19,0
DA:23,0
DA:41,0
DA:47,2
DA:48,2
DA:49,2
LF:14
LH:5
BRDA:11,0,0,0
BRDA:11,0,1,0
BRDA:18,1,0,0
BRDA:18,1,1,0
BRDA:26,2,0,0
BRDA:26,2,1,0
BRDA:27,3,0,0
BRDA:27,3,1,0
BRDA:27,4,0,0
BRDA:27,4,1,0
BRDA:29,5,0,0
BRDA:29,5,1,0
BRDA:29,5,2,0
BRDA:29,5,3,0
BRDA:34,6,0,0
BRDA:34,6,1,0
BRDA:35,7,0,0
BRDA:35,7,1,0
BRDA:35,8,0,0
BRDA:35,8,1,0
BRDA:37,9,0,0
BRDA:37,9,1,0
BRDA:37,9,2,0
BRDA:37,9,3,0
BRF:24
BRH:0
end_of_record
TN:
SF:src\lib\prisma.ts
FNF:0
FNH:0
DA:1,1
DA:3,1
DA:7,0
DA:8,1
DA:13,1
LF:5
LH:4
BRDA:8,0,0,1
BRDA:8,0,1,1
BRDA:10,1,0,0
BRDA:10,1,1,1
BRDA:13,2,0,1
BRDA:13,2,1,0
BRF:6
BRH:4
end_of_record
TN:
SF:src\lib\utils.ts
FN:4,cn
FNF:1
FNH:1
FNDA:3501,cn
DA:1,12
DA:2,12
DA:4,3501
DA:5,3501
LF:4
LH:4
BRF:0
BRH:0
end_of_record
TN:
SF:src\lib\validations\comment.ts
FNF:0
FNH:0
DA:1,4
DA:4,15
DA:12,7
DA:17,17
DA:24,4
LF:5
LH:5
BRF:0
BRH:0
end_of_record
TN:
SF:src\lib\validations\project.ts
FNF:0
FNH:0
DA:1,4
DA:4,17
DA:12,7
DA:17,10
DA:25,4
LF:5
LH:5
BRF:0
BRH:0
end_of_record
TN:
SF:src\lib\validations\todo.ts
FN:21,(anonymous_5)
FN:43,(anonymous_6)
FNF:2
FNH:2
FNDA:9,(anonymous_5)
FNDA:7,(anonymous_6)
DA:1,4
DA:4,14
DA:16,9
DA:21,9
DA:31,10
DA:42,7
DA:43,7
LF:7
LH:7
BRDA:21,0,0,1
BRDA:21,0,1,8
BRDA:43,1,0,0
BRDA:43,1,1,7
BRF:4
BRH:3
end_of_record
